#
# A fatal error has been detected by the Java Runtime Environment:
#
#  EXCEPTION_ACCESS_VIOLATION (0xc0000005) at pc=0x00007ffc83a11439, pid=7860, tid=4244
#
# JRE version: Java(TM) SE Runtime Environment (9.0+11) (build 9.0.4+11)
# Java VM: Java HotSpot(TM) 64-Bit Server VM (9.0.4+11, mixed mode, tiered, compressed oops, g1 gc, windows-amd64)
# Problematic frame:
# C  0x00007ffc83a11439
#
# No core dump will be written. Minidumps are not enabled by default on client versions of Windows
#
# If you would like to submit a bug report, please visit:
#   http://bugreport.java.com/bugreport/crash.jsp
# The crash happened outside the Java Virtual Machine in native code.
# See problematic frame for where to report the bug.
#

---------------  S U M M A R Y ------------

Command Line: -Dsun.java2d.pmoffscreen=false -Dsun.java2d.xrender=false -Dsun.java2d.d3d=false -Dsun.awt.nopixfmt=true -Dsun.java2d.dpiaware=true -Dsun.java2d.uiScale.enabled=false -Xverify:none -Dswing.aatext=true -XX:-UsePerfData -Djdk.map.althashing.threshold=512 -XX:StringTableSize=4072 --add-opens=java.base/java.nio=ALL-UNNAMED --add-opens=java.desktop/sun.swing=ALL-UNNAMED --add-opens=java.desktop/javax.swing=ALL-UNNAMED --add-opens=java.desktop/javax.swing.tree=ALL-UNNAMED --add-opens=java.desktop/javax.swing.plaf.basic=ALL-UNNAMED --add-opens=java.desktop/javax.swing.plaf.synth=ALL-UNNAMED --add-opens=java.desktop/com.sun.awt=ALL-UNNAMED -XX:NewSize=60m -XX:MaxNewSize=60m -Xms128m -Xmx3072m -Xss5m 

Host: Intel(R) Core(TM) i7-4870HQ CPU @ 2.50GHz, 2 cores, 3G,  Windows 10 , 64 bit Build 19041 (10.0.19041.662)
Time: Sat Jan 09 17:38:49 2021 E. Europe Standard Time elapsed time: 21415 seconds (0d 5h 56m 55s)

---------------  T H R E A D  ---------------

Current thread (0x00000259b4935000):  JavaThread "AWT-EventQueue-1" [_thread_in_native, id=4244, stack(0x000000d1d5400000,0x000000d1d5900000)]

Stack: [0x000000d1d5400000,0x000000d1d5900000],  sp=0x000000d1d58f4a20,  free space=5074k
Native frames: (J=compiled Java code, j=interpreted, Vv=VM code, C=native code)
C  0x00007ffc83a11439
C  0x00007ffc83a25107
C  0x00007ffc83a24e12
C  0x00007ffc83a0ac06
C  [librdi_wavedata.dll+0x125e90]
C  [librdi_wavedata.dll+0x148744]
C  [librdi_wavedata.dll+0x1e1cce]
C  [librdi_wavedata.dll+0x1e1bef]
C  [librdi_wavedata.dll+0x20cb0a]
C  [librdi_wavedata.dll+0x20aede]
C  [librdi_wavedata.dll+0x26873b]
C  [librdi_wavedata.dll+0x26a153]
C  [librdi_wavedata.dll+0x242ea0]
C  [librdi_wavedata.dll+0x242f1d]
C  [librdi_wavedata.dll+0x242fc1]
C  [librdi_wavedata.dll+0x2695c4]
C  [librdi_wavedata.dll+0x239546]
C  [librdi_wavedata.dll+0x239315]
C  [librdi_wavedata.dll+0x275c1f]
C  0x00000259a332ae3a

Java frames: (J=compiled Java code, j=interpreted, Vv=VM code)
J 29593  ui.views.waveform.waveformi.WVExecutive_getGraphicsDataSize(J)J (0 bytes) @ 0x00000259a332ada1 [0x00000259a332ad60+0x0000000000000041]
J 29592 c1 ui.views.waveform.executive.a.gEt()Ljava/io/ByteArrayInputStream; (93 bytes) @ 0x000002599c27a12c [0x000002599c27a040+0x00000000000000ec]
J 29591 c1 ui.views.waveform.b.a.gEf()V (142 bytes) @ 0x000002599c3340b4 [0x000002599c333fa0+0x0000000000000114]
J 29533 c1 ui.views.waveform.w.cRi()V (38 bytes) @ 0x000002599bfd7cec [0x000002599bfd7580+0x000000000000076c]
J 29195 c1 ui.views.waveform.c.b.j(Lui/frmwork/b/i;)V (603 bytes) @ 0x000002599d5d84bc [0x000002599d5ceda0+0x000000000000971c]
J 29194 c1 ui.views.waveform.w.a(Lui/frmwork/b/i;)V (17 bytes) @ 0x000002599b469f14 [0x000002599b469e40+0x00000000000000d4]
J 29623 c2 ui.frmwork.b.l.d(Lui/frmwork/b/i;)V (61 bytes) @ 0x00000259a3347bd8 [0x00000259a33479c0+0x0000000000000218]
J 28440 c2 ui.frmwork.HTclEventBroker.i(JZ)V (471 bytes) @ 0x00000259a324af28 [0x00000259a3249600+0x0000000000001928]
J 29984 c2 ui.frmwork.HTclEventBroker.fireTclEvent(J)I (113 bytes) @ 0x00000259a39ea76c [0x00000259a39e9ee0+0x000000000000088c]
v  ~StubRoutines::call_stub
j  ui.views.waveform.waveformi.WVExecutive_processModelEvent(JJ)V+0
j  ui.views.waveform.executive.a.eE(J)V+5
j  ui.views.waveform.c.b.eD(J)V+8
J 29195 c1 ui.views.waveform.c.b.j(Lui/frmwork/b/i;)V (603 bytes) @ 0x000002599d5d91f4 [0x000002599d5ceda0+0x000000000000a454]
J 29194 c1 ui.views.waveform.w.a(Lui/frmwork/b/i;)V (17 bytes) @ 0x000002599b469f14 [0x000002599b469e40+0x00000000000000d4]
J 29623 c2 ui.frmwork.b.l.d(Lui/frmwork/b/i;)V (61 bytes) @ 0x00000259a3347bd8 [0x00000259a33479c0+0x0000000000000218]
J 28440 c2 ui.frmwork.HTclEventBroker.i(JZ)V (471 bytes) @ 0x00000259a324af28 [0x00000259a3249600+0x0000000000001928]
J 22036 c1 ui.frmwork.HTclEventBroker$$Lambda$205.run()V (12 bytes) @ 0x000002599ce085dc [0x000002599ce08500+0x00000000000000dc]
J 12690 c2 java.awt.EventQueue$3.run()Ljava/lang/Object; java.desktop@9.0.4 (5 bytes) @ 0x00000259a2f7bf50 [0x00000259a2f7b800+0x0000000000000750]
v  ~StubRoutines::call_stub
J 3800  java.security.AccessController.doPrivileged(Ljava/security/PrivilegedAction;Ljava/security/AccessControlContext;)Ljava/lang/Object; java.base@9.0.4 (0 bytes) @ 0x00000259a28dddc6 [0x00000259a28ddd60+0x0000000000000066]
J 12562 c2 ui.frmwork.b.d.dispatchEvent(Ljava/awt/AWTEvent;)V (34 bytes) @ 0x00000259a2f3dc0c [0x00000259a2f3d360+0x00000000000008ac]
J 28807 c2 java.awt.EventDispatchThread.pumpOneEventForFilters(I)V java.desktop@9.0.4 (218 bytes) @ 0x00000259a3da35dc [0x00000259a3da32a0+0x000000000000033c]
J 28373 c2 java.awt.EventDispatchThread.pumpEventsForFilter(ILjava/awt/Conditional;Ljava/awt/EventFilter;)V java.desktop@9.0.4 (47 bytes) @ 0x00000259a2be0f4c [0x00000259a2be0d60+0x00000000000001ec]
j  java.awt.EventDispatchThread.pumpEventsForFilter(Ljava/awt/Conditional;Ljava/awt/EventFilter;)V+4 java.desktop@9.0.4
j  java.awt.WaitDispatchSupport$2.run()V+59 java.desktop@9.0.4
j  java.awt.WaitDispatchSupport$4.run()Ljava/lang/Void;+4 java.desktop@9.0.4
j  java.awt.WaitDispatchSupport$4.run()Ljava/lang/Object;+1 java.desktop@9.0.4
v  ~StubRoutines::call_stub
J 1062  java.security.AccessController.doPrivileged(Ljava/security/PrivilegedAction;)Ljava/lang/Object; java.base@9.0.4 (0 bytes) @ 0x00000259a27824b2 [0x00000259a2782460+0x0000000000000052]
j  java.awt.WaitDispatchSupport.enter()Z+260 java.desktop@9.0.4
j  java.awt.Dialog.show()V+225 java.desktop@9.0.4
J 23089 c1 ui.b.c.g.setVisible(Z)V (15 bytes) @ 0x000002599c4a7fcc [0x000002599c4a7d20+0x00000000000002ac]
j  ui.b.c.by.showDialog()V+64
j  ui.b.c.bF.actionPerformed(Ljava/awt/event/ActionEvent;)V+8
j  ui.b.c.by.cJI()V+396
j  ui.views.c.t.b.a.run()V+60
j  ui.frmwork.a.dWF()Z+66
j  ui.frmwork.V.dYl()V+42
j  ui.bk.actionPerformed(Ljava/awt/event/ActionEvent;)V+25
j  javax.swing.AbstractButton.fireActionPerformed(Ljava/awt/event/ActionEvent;)V+84 java.desktop@9.0.4
j  ui.utils.o.b.B.fireActionPerformed(Ljava/awt/event/ActionEvent;)V+7
j  javax.swing.AbstractButton$Handler.actionPerformed(Ljava/awt/event/ActionEvent;)V+5 java.desktop@9.0.4
J 30179 c1 javax.swing.DefaultButtonModel.fireActionPerformed(Ljava/awt/event/ActionEvent;)V java.desktop@9.0.4 (46 bytes) @ 0x000002599bab5614 [0x000002599bab5360+0x00000000000002b4]
J 24539 c1 javax.swing.DefaultButtonModel.setPressed(Z)V java.desktop@9.0.4 (125 bytes) @ 0x000002599bb1e7c4 [0x000002599bb1d900+0x0000000000000ec4]
j  javax.swing.plaf.basic.BasicButtonListener.mouseReleased(Ljava/awt/event/MouseEvent;)V+35 java.desktop@9.0.4
j  com.jidesoft.plaf.basic.BasicJideButtonListener.mouseReleased(Ljava/awt/event/MouseEvent;)V+61
J 30334 c2 java.awt.AWTEventMulticaster.mouseReleased(Ljava/awt/event/MouseEvent;)V java.desktop@9.0.4 (27 bytes) @ 0x00000259a387ee34 [0x00000259a387edc0+0x0000000000000074]
J 30334 c2 java.awt.AWTEventMulticaster.mouseReleased(Ljava/awt/event/MouseEvent;)V java.desktop@9.0.4 (27 bytes) @ 0x00000259a387ee34 [0x00000259a387edc0+0x0000000000000074]
J 30334 c2 java.awt.AWTEventMulticaster.mouseReleased(Ljava/awt/event/MouseEvent;)V java.desktop@9.0.4 (27 bytes) @ 0x00000259a387ee34 [0x00000259a387edc0+0x0000000000000074]
J 21323 c2 javax.swing.JComponent.processMouseEvent(Ljava/awt/event/MouseEvent;)V java.desktop@9.0.4 (27 bytes) @ 0x00000259a3b1a090 [0x00000259a3b19ea0+0x00000000000001f0]
J 13428 c2 java.awt.Container.processEvent(Ljava/awt/AWTEvent;)V java.desktop@9.0.4 (22 bytes) @ 0x00000259a302dbc0 [0x00000259a302daa0+0x0000000000000120]
J 29863 c2 java.awt.Component.dispatchEventImpl(Ljava/awt/AWTEvent;)V java.desktop@9.0.4 (739 bytes) @ 0x00000259a3935988 [0x00000259a3934f80+0x0000000000000a08]
J 27857 c2 java.awt.Container.dispatchEventImpl(Ljava/awt/AWTEvent;)V java.desktop@9.0.4 (129 bytes) @ 0x00000259a467acc0 [0x00000259a467ac60+0x0000000000000060]
J 27556 c2 java.awt.LightweightDispatcher.retargetMouseEvent(Ljava/awt/Component;ILjava/awt/event/MouseEvent;)V java.desktop@9.0.4 (350 bytes) @ 0x00000259a45901e8 [0x00000259a458fc40+0x00000000000005a8]
J 27857 c2 java.awt.Container.dispatchEventImpl(Ljava/awt/AWTEvent;)V java.desktop@9.0.4 (129 bytes) @ 0x00000259a467b360 [0x00000259a467ac60+0x0000000000000700]
J 17126 c2 java.awt.Window.dispatchEventImpl(Ljava/awt/AWTEvent;)V java.desktop@9.0.4 (23 bytes) @ 0x00000259a2d3888c [0x00000259a2d38840+0x000000000000004c]
J 12690 c2 java.awt.EventQueue$3.run()Ljava/lang/Object; java.desktop@9.0.4 (5 bytes) @ 0x00000259a2f7bd40 [0x00000259a2f7b800+0x0000000000000540]
v  ~StubRoutines::call_stub
J 3800  java.security.AccessController.doPrivileged(Ljava/security/PrivilegedAction;Ljava/security/AccessControlContext;)Ljava/lang/Object; java.base@9.0.4 (0 bytes) @ 0x00000259a28dddc6 [0x00000259a28ddd60+0x0000000000000066]
J 17060 c2 java.awt.EventQueue$4.run()Ljava/lang/Object; java.desktop@9.0.4 (5 bytes) @ 0x00000259a2b78d58 [0x00000259a2b78ce0+0x0000000000000078]
v  ~StubRoutines::call_stub
J 3800  java.security.AccessController.doPrivileged(Ljava/security/PrivilegedAction;Ljava/security/AccessControlContext;)Ljava/lang/Object; java.base@9.0.4 (0 bytes) @ 0x00000259a28dddc6 [0x00000259a28ddd60+0x0000000000000066]
J 12562 c2 ui.frmwork.b.d.dispatchEvent(Ljava/awt/AWTEvent;)V (34 bytes) @ 0x00000259a2f3e45c [0x00000259a2f3d360+0x00000000000010fc]
J 28807 c2 java.awt.EventDispatchThread.pumpOneEventForFilters(I)V java.desktop@9.0.4 (218 bytes) @ 0x00000259a3da35dc [0x00000259a3da32a0+0x000000000000033c]
J 19879% c2 java.awt.EventDispatchThread.pumpEventsForFilter(ILjava/awt/Conditional;Ljava/awt/EventFilter;)V java.desktop@9.0.4 (47 bytes) @ 0x00000259a391fac0 [0x00000259a391f9c0+0x0000000000000100]
j  java.awt.EventDispatchThread.pumpEventsForHierarchy(ILjava/awt/Conditional;Ljava/awt/Component;)V+11 java.desktop@9.0.4
j  java.awt.EventDispatchThread.pumpEvents(ILjava/awt/Conditional;)V+4 java.desktop@9.0.4
j  java.awt.EventDispatchThread.pumpEvents(Ljava/awt/Conditional;)V+3 java.desktop@9.0.4
j  java.awt.EventDispatchThread.run()V+9 java.desktop@9.0.4
v  ~StubRoutines::call_stub

siginfo: EXCEPTION_ACCESS_VIOLATION (0xc0000005), reading address 0x0000000000000044


Register to memory mapping:

RIP=0x00007ffc83a11439 is an unknown value
RAX=0x00000259c50ee260 is an unknown value
RBX=0x00000259b843b050 is an unknown value
RCX=0x0000000000000000 is an unknown value
RDX=0x00000259c5319af0 is an unknown value
RSP=0x000000d1d58f4a20 is pointing into the stack for thread: 0x00000259b4935000
RBP=0x000000d1d58f4bc0 is pointing into the stack for thread: 0x00000259b4935000
RSI=0x0000000000000000 is an unknown value
RDI=0x000000d1d58f4b80 is pointing into the stack for thread: 0x00000259b4935000
R8 =0x000000d1d58f4ac0 is pointing into the stack for thread: 0x00000259b4935000
R9 =0x0000000000000018 is an unknown value
R10=0x0000000000000000 is an unknown value
R11=0x4f44200000000019 is an unknown value
R12=0x00000259b3261550 is an unknown value
R13=0x0000000000000001 is an unknown value
R14=0x00000259c5319af0 is an unknown value
R15=0x000000d1d58f4ac0 is pointing into the stack for thread: 0x00000259b4935000


Registers:
RAX=0x00000259c50ee260, RBX=0x00000259b843b050, RCX=0x0000000000000000, RDX=0x00000259c5319af0
RSP=0x000000d1d58f4a20, RBP=0x000000d1d58f4bc0, RSI=0x0000000000000000, RDI=0x000000d1d58f4b80
R8 =0x000000d1d58f4ac0, R9 =0x0000000000000018, R10=0x0000000000000000, R11=0x4f44200000000019
R12=0x00000259b3261550, R13=0x0000000000000001, R14=0x00000259c5319af0, R15=0x000000d1d58f4ac0
RIP=0x00007ffc83a11439, EFLAGS=0x0000000000010202

Top of Stack: (sp=0x000000d1d58f4a20)
0x000000d1d58f4a20:   000000d1d58f5150 0000000000000000
0x000000d1d58f4a30:   0000000000000000 00000259b3261550
0x000000d1d58f4a40:   00000259b843b050 0000000000000002
0x000000d1d58f4a50:   fffffffffffffffe 00007ffce70cf706
0x000000d1d58f4a60:   0000000000000000 00000000000004f8
0x000000d1d58f4a70:   000000d1d58f5150 0000000000004800
0x000000d1d58f4a80:   000000d1d58f4b80 00007ffc83a25107
0x000000d1d58f4a90:   00000000000004f8 00000259b843b050
0x000000d1d58f4aa0:   00000259c50ee260 00000259b36a5f68
0x000000d1d58f4ab0:   00000259b843b050 00007ffc83a24e12
0x000000d1d58f4ac0:   00000259b843b050 00000259b36a5f40
0x000000d1d58f4ad0:   0000000000000002 00000259b36a5f40
0x000000d1d58f4ae0:   00000259b36a5f40 0000000000000000
0x000000d1d58f4af0:   0000000000000000 00000259b3261550
0x000000d1d58f4b00:   0000000000000000 00000259b36a6080
0x000000d1d58f4b10:   0000000000000001 0000000000000000 

Instructions: (pc=0x00007ffc83a11439)
0x00007ffc83a11419:   50 48 c7 44 24 30 fe ff ff ff 48 89 5c 24 78 48
0x00007ffc83a11429:   89 b4 24 80 00 00 00 4d 8b f8 4c 8b f2 48 8b f1
0x00007ffc83a11439:   83 79 44 00 75 07 33 c0 e9 da 00 00 00 33 db 39
0x00007ffc83a11449:   59 44 75 04 8b c3 eb 06 48 8b 41 48 8b 00 8b d0 



---------------  P R O C E S S  ---------------

Java Threads: ( => current thread )
  0x00000259b6d31800 JavaThread "Relaunch Simulation" [_thread_blocked, id=3208, stack(0x000000d1dd400000,0x000000d1dd900000)]
  0x00000259b7974800 JavaThread "Monitor File Timestamp Swing Worker" [_thread_blocked, id=1924, stack(0x000000d1db300000,0x000000d1db800000)]
  0x00000259b7978800 JavaThread "Timer-29" [_thread_blocked, id=5084, stack(0x000000d1dac00000,0x000000d1db100000)]
  0x00000259b7970000 JavaThread "Monitor File Timestamp Swing Worker" [_thread_blocked, id=4844, stack(0x000000d1da700000,0x000000d1dac00000)]
  0x00000259b7976000 JavaThread "Timer-28" [_thread_blocked, id=3524, stack(0x000000d1da200000,0x000000d1da700000)]
  0x00000259b7971000 JavaThread "Monitor File Timestamp Swing Worker" [_thread_blocked, id=2276, stack(0x000000d1d9d00000,0x000000d1da200000)]
  0x00000259b7971800 JavaThread "Timer-27" [_thread_blocked, id=3900, stack(0x000000d1d9800000,0x000000d1d9d00000)]
  0x00000259b7d90800 JavaThread "Thread-23279" [_thread_in_native, id=1316, stack(0x000000d1ce700000,0x000000d1ce800000)]
  0x00000259b7d93000 JavaThread "Monitor File Timestamp Swing Worker" [_thread_blocked, id=1552, stack(0x000000d1dcf00000,0x000000d1dd400000)]
  0x00000259b7d90000 JavaThread "Timer-25" [_thread_blocked, id=3276, stack(0x000000d1dca00000,0x000000d1dcf00000)]
  0x00000259b7d96800 JavaThread "Monitor File Timestamp Swing Worker" [_thread_blocked, id=5520, stack(0x000000d1dc500000,0x000000d1dca00000)]
  0x00000259b7d96000 JavaThread "Timer-24" [_thread_blocked, id=4736, stack(0x000000d1dc000000,0x000000d1dc500000)]
  0x00000259b796d000 JavaThread "Swing-Shell" daemon [_thread_blocked, id=1268, stack(0x000000d1d9300000,0x000000d1d9800000)]
  0x00000259b796e800 JavaThread "Monitor File Timestamp Swing Worker" [_thread_blocked, id=6740, stack(0x000000d1d8e00000,0x000000d1d9300000)]
  0x00000259b7975800 JavaThread "Timer-18" [_thread_blocked, id=1296, stack(0x000000d1d8400000,0x000000d1d8900000)]
  0x00000259b796e000 JavaThread "Thread-18794" [_thread_in_native, id=7272, stack(0x000000d1ce800000,0x000000d1ce900000)]
  0x00000259b7977000 JavaThread "Thread-14594" [_thread_in_native, id=5576, stack(0x000000d1ce800000,0x000000d1ce900000)]
  0x00000259b7977800 JavaThread "Thread-14278" [_thread_in_native, id=7372, stack(0x000000d1ce800000,0x000000d1ce900000)]
  0x00000259b796b800 JavaThread "Thread-12675" [_thread_in_native, id=3080, stack(0x000000d1ce800000,0x000000d1ce900000)]
  0x00000259b796c800 JavaThread "Thread-12383" [_thread_in_native, id=5408, stack(0x000000d1ce700000,0x000000d1ce800000)]
  0x00000259b7d8d000 JavaThread "Thread-9075" [_thread_in_native, id=5592, stack(0x000000d1ce800000,0x000000d1ce900000)]
  0x00000259b6d2e800 JavaThread "Thread-9016" [_thread_in_native, id=784, stack(0x000000d1ce700000,0x000000d1ce800000)]
  0x00000259b6d31000 JavaThread "Thread-6280" [_thread_in_native, id=7920, stack(0x000000d1ce700000,0x000000d1ce800000)]
  0x00000259b6d2e000 JavaThread "SyntheticaAnimation 50" daemon [_thread_blocked, id=4980, stack(0x000000d1dbb00000,0x000000d1dc000000)]
  0x00000259b6d2b800 JavaThread "Thread-3919" [_thread_in_native, id=1448, stack(0x000000d1ce700000,0x000000d1ce800000)]
  0x00000259b6d2d000 JavaThread "Thread-3914" [_thread_in_native, id=2180, stack(0x000000d1ce800000,0x000000d1ce900000)]
  0x00000259904e8000 JavaThread "Thread-3694" [_thread_in_native, id=2160, stack(0x000000d1ce700000,0x000000d1ce800000)]
  0x00000259904e7800 JavaThread "Thread-3541" [_thread_in_native, id=3284, stack(0x000000d1ce800000,0x000000d1ce900000)]
  0x00000259b7d92000 JavaThread "Thread-1681" [_thread_in_native, id=1540, stack(0x000000d1ce800000,0x000000d1ce900000)]
  0x00000259b7d89000 JavaThread "Image Animator 0" daemon [_thread_blocked, id=7776, stack(0x000000d1d7f00000,0x000000d1d8400000)]
  0x00000259b7d8c000 JavaThread "SyntheticaAnimation 50" daemon [_thread_blocked, id=2168, stack(0x000000d1d4500000,0x000000d1d4a00000)]
  0x00000259b7d8a800 JavaThread "Update Runs Swing Worker" [_thread_blocked, id=4772, stack(0x000000d1d8900000,0x000000d1d8e00000)]
  0x00000259b7d91800 JavaThread "hw_ila_monitor" [_thread_blocked, id=4904, stack(0x000000d1d7a00000,0x000000d1d7f00000)]
  0x00000259b7d8a000 JavaThread "Refresh Filesets Swing Worker" [_thread_blocked, id=4812, stack(0x000000d1d6800000,0x000000d1d6d00000)]
  0x00000259b7d8d800 JavaThread "SyntheticaAnimation 70" daemon [_thread_blocked, id=2952, stack(0x000000d1d6300000,0x000000d1d6800000)]
  0x00000259b7d8b800 JavaThread "SyntheticaAnimation 25" daemon [_thread_blocked, id=7892, stack(0x000000d1d5900000,0x000000d1d5e00000)]
  0x00000259b7d8f000 JavaThread "SyntheticaAnimation 50" daemon [_thread_blocked, id=7260, stack(0x000000d1d7500000,0x000000d1d7a00000)]
  0x00000259b7d8e800 JavaThread "Monitor HEventQueue" [_thread_blocked, id=7188, stack(0x000000d1d7000000,0x000000d1d7500000)]
  0x00000259904e9800 JavaThread "SyntheticaCleanerThread" daemon [_thread_blocked, id=2100, stack(0x000000d1d5e00000,0x000000d1d6300000)]
  0x00000259904e9000 JavaThread "Batik CleanerThread" daemon [_thread_blocked, id=6572, stack(0x000000d1d3600000,0x000000d1d3b00000)]
=>0x00000259b4935000 JavaThread "AWT-EventQueue-1" [_thread_in_native, id=4244, stack(0x000000d1d5400000,0x000000d1d5900000)]
  0x00000259b4934800 JavaThread "AWT-Shutdown" [_thread_blocked, id=2096, stack(0x000000d1d4f00000,0x000000d1d5400000)]
  0x00000259905b9800 JavaThread "Process Messages" [_thread_blocked, id=3980, stack(0x000000d1d4a00000,0x000000d1d4f00000)]
  0x00000259b494f000 JavaThread "Thread-1" [_thread_in_native, id=6456, stack(0x000000d1ceb00000,0x000000d1cff00000)]
  0x00000259906ea000 JavaThread "TimerQueue" daemon [_thread_blocked, id=5280, stack(0x000000d1d4000000,0x000000d1d4500000)]
  0x00000259900c0800 JavaThread "AWT-Windows" daemon [_thread_in_native, id=8184, stack(0x000000d1d3b00000,0x000000d1d4000000)]
  0x0000025993ca8000 JavaThread "Java2D Disposer" daemon [_thread_blocked, id=4940, stack(0x000000d1d3100000,0x000000d1d3600000)]
  0x000002598d64c800 JavaThread "Service Thread" daemon [_thread_blocked, id=5312, stack(0x000000d1d2a00000,0x000000d1d2f00000)]
  0x00000259915ca000 JavaThread "Common-Cleaner" daemon [_thread_blocked, id=1192, stack(0x000000d1d2500000,0x000000d1d2a00000)]
  0x00000259916a4000 JavaThread "Sweeper thread" daemon [_thread_blocked, id=4832, stack(0x000000d1d2000000,0x000000d1d2500000)]
  0x00000259916a3800 JavaThread "C1 CompilerThread1" daemon [_thread_blocked, id=5056, stack(0x000000d1d1f00000,0x000000d1d2000000)]
  0x000002598fa12000 JavaThread "C2 CompilerThread0" daemon [_thread_blocked, id=4852, stack(0x000000d1d1e00000,0x000000d1d1f00000)]
  0x000002598fa11800 JavaThread "Attach Listener" daemon [_thread_blocked, id=5308, stack(0x000000d1d1900000,0x000000d1d1e00000)]
  0x000002599199a000 JavaThread "Signal Dispatcher" daemon [_thread_blocked, id=5440, stack(0x000000d1d1400000,0x000000d1d1900000)]
  0x0000025990f16800 JavaThread "Finalizer" daemon [_thread_blocked, id=5444, stack(0x000000d1d0f00000,0x000000d1d1400000)]
  0x000002598edd2000 JavaThread "Reference Handler" daemon [_thread_blocked, id=5472, stack(0x000000d1d0a00000,0x000000d1d0f00000)]
  0x0000025993ca9000 JavaThread "main" [_thread_blocked, id=6960, stack(0x000000d1d0100000,0x000000d1d0200000)]

Other Threads:
  0x000002599353b800 VMThread "VM Thread" [stack: 0x000000d1d0900000,0x000000d1d0a00000] [id=5468]
  0x000002598d64d000 WatcherThread [stack: 0x000000d1d2f00000,0x000000d1d3000000] [id=1528]
  0x000002598eb61800 GCTaskThread "GC Thread#0" [stack: 0x000000d1d0200000,0x000000d1d0300000] [id=6968]
  0x00000259917cd000 GCTaskThread "GC Thread#1" [stack: 0x000000d1d0300000,0x000000d1d0400000] [id=5336]
  0x000002598acfa000 ConcurrentGCThread "G1 Main Marker" [stack: 0x000000d1d0700000,0x000000d1d0800000] [id=5452]
  0x000002598eda4800 ConcurrentGCThread "G1 Marker#0" [stack: 0x000000d1d0800000,0x000000d1d0900000] [id=5448]
  0x000002598ed2f800 ConcurrentGCThread "G1 Refine#0" [stack: 0x000000d1d0500000,0x000000d1d0600000] [id=5464]
  0x000002598ed2f000 ConcurrentGCThread "G1 Refine#1" [stack: 0x000000d1d0400000,0x000000d1d0500000] [id=1980]
  0x0000025993c3f000 ConcurrentGCThread "G1 Young RemSet Sampling" [stack: 0x000000d1d0600000,0x000000d1d0700000] [id=5476]

Threads with active compile tasks:

VM state:not at safepoint (normal execution)

VM Mutex/Monitor currently owned by a thread: None

Heap address: 0x0000000700000000, size: 3072 MB, Compressed Oops mode: Zero based, Oop shift amount: 3
Narrow klass base: 0x0000000000000000, Narrow klass shift: 3
Compressed class space size: 1073741824 Address: 0x00000007c0000000

Heap:
 garbage-first heap   total 294912K, used 112671K [0x0000000700000000, 0x0000000700100900, 0x00000007c0000000)
  region size 1024K, 6 young (6144K), 1 survivors (1024K)
 Metaspace       used 87820K, capacity 90487K, committed 94720K, reserved 1130496K
  class space    used 11359K, capacity 11888K, committed 12800K, reserved 1048576K
Heap Regions: E=young(eden), S=young(survivor), O=old, HS=humongous(starts), HC=humongous(continues), CS=collection set, F=free, A=archive, TS=gc time stamp, AC=allocation context, TAMS=top-at-mark-start (previous, next)
|   0|0x0000000700000000, 0x00000007000fe9a8, 0x0000000700100000| 99%| O|  |TS  0|AC  0|TAMS 0x0000000700000000, 0x0000000700000000|
|   1|0x0000000700100000, 0x0000000700200000, 0x0000000700200000|100%|HS|  |TS  0|AC  0|TAMS 0x0000000700100000, 0x0000000700100000|
|   2|0x0000000700200000, 0x0000000700300000, 0x0000000700300000|100%|HC|  |TS  0|AC  0|TAMS 0x0000000700200000, 0x0000000700200000|
|   3|0x0000000700300000, 0x0000000700400000, 0x0000000700400000|100%|HS|  |TS  0|AC  0|TAMS 0x0000000700300000, 0x0000000700300000|
|   4|0x0000000700400000, 0x00000007004f4f38, 0x0000000700500000| 95%| O|  |TS  0|AC  0|TAMS 0x0000000700400000, 0x0000000700400000|
|   5|0x0000000700500000, 0x00000007005ffff0, 0x0000000700600000| 99%| O|  |TS  0|AC  0|TAMS 0x0000000700500000, 0x0000000700500000|
|   6|0x0000000700600000, 0x00000007006ffff0, 0x0000000700700000| 99%| O|  |TS  0|AC  0|TAMS 0x0000000700600000, 0x0000000700600000|
|   7|0x0000000700700000, 0x00000007007f8ed8, 0x0000000700800000| 97%| O|  |TS  0|AC  0|TAMS 0x0000000700700000, 0x0000000700700000|
|   8|0x0000000700800000, 0x00000007008ffff8, 0x0000000700900000| 99%| O|  |TS  0|AC  0|TAMS 0x0000000700800000, 0x0000000700800000|
|   9|0x0000000700900000, 0x00000007009ffeb0, 0x0000000700a00000| 99%| O|  |TS  0|AC  0|TAMS 0x0000000700900000, 0x0000000700900000|
|  10|0x0000000700a00000, 0x0000000700ad0ee8, 0x0000000700b00000| 81%| O|  |TS  0|AC  0|TAMS 0x0000000700a00000, 0x0000000700a00000|
|  11|0x0000000700b00000, 0x0000000700c00000, 0x0000000700c00000|100%|HS|  |TS  0|AC  0|TAMS 0x0000000700b00000, 0x0000000700b00000|
|  12|0x0000000700c00000, 0x0000000700d00000, 0x0000000700d00000|100%|HC|  |TS  0|AC  0|TAMS 0x0000000700c00000, 0x0000000700c00000|
|  13|0x0000000700d00000, 0x0000000700dd76e8, 0x0000000700e00000| 84%| O|  |TS  0|AC  0|TAMS 0x0000000700d00000, 0x0000000700d00000|
|  14|0x0000000700e00000, 0x0000000700efc030, 0x0000000700f00000| 98%| O|  |TS  0|AC  0|TAMS 0x0000000700e00000, 0x0000000700e00000|
|  15|0x0000000700f00000, 0x0000000700ffe698, 0x0000000701000000| 99%| O|  |TS  0|AC  0|TAMS 0x0000000700f00000, 0x0000000700f00000|
|  16|0x0000000701000000, 0x00000007010f75e0, 0x0000000701100000| 96%| O|  |TS  0|AC  0|TAMS 0x0000000701000000, 0x0000000701000000|
|  17|0x0000000701100000, 0x0000000701200000, 0x0000000701200000|100%| O|  |TS  0|AC  0|TAMS 0x0000000701100000, 0x0000000701100000|
|  18|0x0000000701200000, 0x00000007012fffa8, 0x0000000701300000| 99%| O|  |TS  0|AC  0|TAMS 0x0000000701200000, 0x0000000701200000|
|  19|0x0000000701300000, 0x00000007013ffff0, 0x0000000701400000| 99%| O|  |TS  0|AC  0|TAMS 0x0000000701300000, 0x0000000701300000|
|  20|0x0000000701400000, 0x00000007014feb20, 0x0000000701500000| 99%| O|  |TS  0|AC  0|TAMS 0x0000000701400000, 0x0000000701400000|
|  21|0x0000000701500000, 0x00000007015ffff8, 0x0000000701600000| 99%| O|  |TS  0|AC  0|TAMS 0x0000000701500000, 0x0000000701500000|
|  22|0x0000000701600000, 0x0000000701700000, 0x0000000701700000|100%| O|  |TS  0|AC  0|TAMS 0x0000000701600000, 0x0000000701600000|
|  23|0x0000000701700000, 0x0000000701800000, 0x0000000701800000|100%|HS|  |TS  0|AC  0|TAMS 0x0000000701700000, 0x0000000701700000|
|  24|0x0000000701800000, 0x00000007018fffd0, 0x0000000701900000| 99%| O|  |TS  0|AC  0|TAMS 0x0000000701800000, 0x0000000701800000|
|  25|0x0000000701900000, 0x00000007019fff98, 0x0000000701a00000| 99%| O|  |TS  0|AC  0|TAMS 0x0000000701900000, 0x0000000701900000|
|  26|0x0000000701a00000, 0x0000000701affdf8, 0x0000000701b00000| 99%| O|  |TS  0|AC  0|TAMS 0x0000000701a00000, 0x0000000701a00000|
|  27|0x0000000701b00000, 0x0000000701bff908, 0x0000000701c00000| 99%| O|  |TS  0|AC  0|TAMS 0x0000000701b00000, 0x0000000701b00000|
|  28|0x0000000701c00000, 0x0000000701cffff8, 0x0000000701d00000| 99%| O|  |TS  0|AC  0|TAMS 0x0000000701c00000, 0x0000000701c00000|
|  29|0x0000000701d00000, 0x0000000701dfffb0, 0x0000000701e00000| 99%| O|  |TS  0|AC  0|TAMS 0x0000000701d00000, 0x0000000701d00000|
|  30|0x0000000701e00000, 0x0000000701effff0, 0x0000000701f00000| 99%| O|  |TS  0|AC  0|TAMS 0x0000000701e00000, 0x0000000701e00000|
|  31|0x0000000701f00000, 0x0000000701fffff0, 0x0000000702000000| 99%| O|  |TS  0|AC  0|TAMS 0x0000000701f00000, 0x0000000701f00000|
|  32|0x0000000702000000, 0x0000000702100000, 0x0000000702100000|100%| O|  |TS  0|AC  0|TAMS 0x0000000702000000, 0x0000000702000000|
|  33|0x0000000702100000, 0x00000007021ffff0, 0x0000000702200000| 99%| O|  |TS  0|AC  0|TAMS 0x0000000702100000, 0x0000000702100000|
|  34|0x0000000702200000, 0x00000007022ffff8, 0x0000000702300000| 99%| O|  |TS  0|AC  0|TAMS 0x0000000702200000, 0x0000000702200000|
|  35|0x0000000702300000, 0x0000000702400000, 0x0000000702400000|100%|HS|  |TS  0|AC  0|TAMS 0x0000000702300000, 0x0000000702300000|
|  36|0x0000000702400000, 0x00000007024fffe8, 0x0000000702500000| 99%| O|  |TS  0|AC  0|TAMS 0x0000000702400000, 0x0000000702400000|
|  37|0x0000000702500000, 0x00000007025ffff8, 0x0000000702600000| 99%| O|  |TS  0|AC  0|TAMS 0x0000000702500000, 0x0000000702500000|
|  38|0x0000000702600000, 0x00000007026fffd0, 0x0000000702700000| 99%| O|  |TS  0|AC  0|TAMS 0x0000000702600000, 0x0000000702600000|
|  39|0x0000000702700000, 0x00000007027ffff8, 0x0000000702800000| 99%| O|  |TS  0|AC  0|TAMS 0x0000000702700000, 0x0000000702700000|
|  40|0x0000000702800000, 0x00000007028fffc0, 0x0000000702900000| 99%| O|  |TS  0|AC  0|TAMS 0x0000000702800000, 0x0000000702800000|
|  41|0x0000000702900000, 0x00000007029fe848, 0x0000000702a00000| 99%| O|  |TS  0|AC  0|TAMS 0x0000000702900000, 0x0000000702900000|
|  42|0x0000000702a00000, 0x0000000702aff940, 0x0000000702b00000| 99%| O|  |TS  0|AC  0|TAMS 0x0000000702a00000, 0x0000000702a00000|
|  43|0x0000000702b00000, 0x0000000702bffff8, 0x0000000702c00000| 99%| O|  |TS  0|AC  0|TAMS 0x0000000702b00000, 0x0000000702b00000|
|  44|0x0000000702c00000, 0x0000000702d00000, 0x0000000702d00000|100%| O|  |TS  0|AC  0|TAMS 0x0000000702c00000, 0x0000000702c00000|
|  45|0x0000000702d00000, 0x0000000702dfff10, 0x0000000702e00000| 99%| O|  |TS  0|AC  0|TAMS 0x0000000702d00000, 0x0000000702d00000|
|  46|0x0000000702e00000, 0x0000000702effff0, 0x0000000702f00000| 99%| O|  |TS  0|AC  0|TAMS 0x0000000702e00000, 0x0000000702e00000|
|  47|0x0000000702f00000, 0x0000000703000000, 0x0000000703000000|100%| O|  |TS  0|AC  0|TAMS 0x0000000702f00000, 0x0000000702f00000|
|  48|0x0000000703000000, 0x00000007030ffff0, 0x0000000703100000| 99%| O|  |TS  0|AC  0|TAMS 0x0000000703000000, 0x0000000703000000|
|  49|0x0000000703100000, 0x00000007031ffff0, 0x0000000703200000| 99%| O|  |TS  0|AC  0|TAMS 0x0000000703100000, 0x0000000703100000|
|  50|0x0000000703200000, 0x00000007032ffff8, 0x0000000703300000| 99%| O|  |TS  0|AC  0|TAMS 0x0000000703200000, 0x0000000703200000|
|  51|0x0000000703300000, 0x00000007033fff90, 0x0000000703400000| 99%| O|  |TS  0|AC  0|TAMS 0x0000000703300000, 0x0000000703300000|
|  52|0x0000000703400000, 0x00000007034ffee0, 0x0000000703500000| 99%| O|  |TS  0|AC  0|TAMS 0x0000000703400000, 0x0000000703400000|
|  53|0x0000000703500000, 0x00000007035ffe88, 0x0000000703600000| 99%| O|  |TS  0|AC  0|TAMS 0x0000000703500000, 0x0000000703500000|
|  54|0x0000000703600000, 0x00000007036ffff0, 0x0000000703700000| 99%| O|  |TS  0|AC  0|TAMS 0x0000000703600000, 0x0000000703600000|
|  55|0x0000000703700000, 0x0000000703800000, 0x0000000703800000|100%|HS|  |TS  0|AC  0|TAMS 0x0000000703700000, 0x0000000703700000|
|  56|0x0000000703800000, 0x00000007038fffd8, 0x0000000703900000| 99%| O|  |TS  0|AC  0|TAMS 0x0000000703800000, 0x0000000703800000|
|  57|0x0000000703900000, 0x00000007039fffe0, 0x0000000703a00000| 99%| O|  |TS  0|AC  0|TAMS 0x0000000703900000, 0x0000000703900000|
|  58|0x0000000703a00000, 0x0000000703afed80, 0x0000000703b00000| 99%| O|  |TS  0|AC  0|TAMS 0x0000000703a00000, 0x0000000703a00000|
|  59|0x0000000703b00000, 0x0000000703bffff0, 0x0000000703c00000| 99%| O|  |TS  0|AC  0|TAMS 0x0000000703b00000, 0x0000000703b00000|
|  60|0x0000000703c00000, 0x0000000703cfffd8, 0x0000000703d00000| 99%| O|  |TS  0|AC  0|TAMS 0x0000000703c00000, 0x0000000703c00000|
|  61|0x0000000703d00000, 0x0000000703dfffe8, 0x0000000703e00000| 99%| O|  |TS  0|AC  0|TAMS 0x0000000703d00000, 0x0000000703d00000|
|  62|0x0000000703e00000, 0x0000000703f00000, 0x0000000703f00000|100%| O|  |TS  0|AC  0|TAMS 0x0000000703e00000, 0x0000000703e00000|
|  63|0x0000000703f00000, 0x0000000703ffffe8, 0x0000000704000000| 99%| O|  |TS  0|AC  0|TAMS 0x0000000703f00000, 0x0000000703f00000|
|  64|0x0000000704000000, 0x00000007040ffff8, 0x0000000704100000| 99%| O|  |TS  0|AC  0|TAMS 0x0000000704000000, 0x0000000704000000|
|  65|0x0000000704100000, 0x00000007041ffff8, 0x0000000704200000| 99%| O|  |TS  0|AC  0|TAMS 0x0000000704100000, 0x0000000704100000|
|  66|0x0000000704200000, 0x00000007042fff98, 0x0000000704300000| 99%| O|  |TS  0|AC  0|TAMS 0x0000000704200000, 0x0000000704200000|
|  67|0x0000000704300000, 0x00000007043fed80, 0x0000000704400000| 99%| O|  |TS  0|AC  0|TAMS 0x0000000704300000, 0x0000000704300000|
|  68|0x0000000704400000, 0x00000007044fc0e8, 0x0000000704500000| 98%| O|  |TS  0|AC  0|TAMS 0x0000000704400000, 0x0000000704400000|
|  69|0x0000000704500000, 0x00000007045ffea8, 0x0000000704600000| 99%| O|  |TS  0|AC  0|TAMS 0x0000000704500000, 0x0000000704500000|
|  70|0x0000000704600000, 0x00000007046df3c0, 0x0000000704700000| 87%| O|  |TS  0|AC  0|TAMS 0x0000000704600000, 0x0000000704600000|
|  71|0x0000000704700000, 0x0000000704800000, 0x0000000704800000|100%|HS|  |TS  0|AC  0|TAMS 0x0000000704700000, 0x0000000704700000|
|  72|0x0000000704800000, 0x0000000704900000, 0x0000000704900000|100%|HC|  |TS  0|AC  0|TAMS 0x0000000704800000, 0x0000000704800000|
|  73|0x0000000704900000, 0x0000000704a00000, 0x0000000704a00000|100%|HC|  |TS  0|AC  0|TAMS 0x0000000704900000, 0x0000000704900000|
|  74|0x0000000704a00000, 0x0000000704b00000, 0x0000000704b00000|100%|HC|  |TS  0|AC  0|TAMS 0x0000000704a00000, 0x0000000704a00000|
|  75|0x0000000704b00000, 0x0000000704c00000, 0x0000000704c00000|100%|HC|  |TS  0|AC  0|TAMS 0x0000000704b00000, 0x0000000704b00000|
|  76|0x0000000704c00000, 0x0000000704d00000, 0x0000000704d00000|100%|HS|  |TS  0|AC  0|TAMS 0x0000000704c00000, 0x0000000704c00000|
|  77|0x0000000704d00000, 0x0000000704e00000, 0x0000000704e00000|100%|HC|  |TS  0|AC  0|TAMS 0x0000000704d00000, 0x0000000704d00000|
|  78|0x0000000704e00000, 0x0000000704f00000, 0x0000000704f00000|100%|HC|  |TS  0|AC  0|TAMS 0x0000000704e00000, 0x0000000704e00000|
|  79|0x0000000704f00000, 0x0000000705000000, 0x0000000705000000|100%|HC|  |TS  0|AC  0|TAMS 0x0000000704f00000, 0x0000000704f00000|
|  80|0x0000000705000000, 0x0000000705000000, 0x0000000705100000|  0%| F|  |TS  0|AC  0|TAMS 0x0000000705000000, 0x0000000705000000|
|  81|0x0000000705100000, 0x0000000705200000, 0x0000000705200000|100%|HS|  |TS  0|AC  0|TAMS 0x0000000705100000, 0x0000000705100000|
|  82|0x0000000705200000, 0x0000000705300000, 0x0000000705300000|100%|HC|  |TS  0|AC  0|TAMS 0x0000000705200000, 0x0000000705200000|
|  83|0x0000000705300000, 0x0000000705400000, 0x0000000705400000|100%|HC|  |TS  0|AC  0|TAMS 0x0000000705300000, 0x0000000705300000|
|  84|0x0000000705400000, 0x0000000705500000, 0x0000000705500000|100%|HC|  |TS  0|AC  0|TAMS 0x0000000705400000, 0x0000000705400000|
|  85|0x0000000705500000, 0x0000000705600000, 0x0000000705600000|100%|HC|  |TS  0|AC  0|TAMS 0x0000000705500000, 0x0000000705500000|
|  86|0x0000000705600000, 0x0000000705700000, 0x0000000705700000|100%|HC|  |TS  0|AC  0|TAMS 0x0000000705600000, 0x0000000705600000|
|  87|0x0000000705700000, 0x0000000705800000, 0x0000000705800000|100%|HC|  |TS  0|AC  0|TAMS 0x0000000705700000, 0x0000000705700000|
|  88|0x0000000705800000, 0x0000000705900000, 0x0000000705900000|100%|HC|  |TS  0|AC  0|TAMS 0x0000000705800000, 0x0000000705800000|
|  89|0x0000000705900000, 0x0000000705a00000, 0x0000000705a00000|100%|HC|  |TS  0|AC  0|TAMS 0x0000000705900000, 0x0000000705900000|
|  90|0x0000000705a00000, 0x0000000705b00000, 0x0000000705b00000|100%|HC|  |TS  0|AC  0|TAMS 0x0000000705a00000, 0x0000000705a00000|
|  91|0x0000000705b00000, 0x0000000705c00000, 0x0000000705c00000|100%|HC|  |TS  0|AC  0|TAMS 0x0000000705b00000, 0x0000000705b00000|
|  92|0x0000000705c00000, 0x0000000705d00000, 0x0000000705d00000|100%|HC|  |TS  0|AC  0|TAMS 0x0000000705c00000, 0x0000000705c00000|
|  93|0x0000000705d00000, 0x0000000705e00000, 0x0000000705e00000|100%|HC|  |TS  0|AC  0|TAMS 0x0000000705d00000, 0x0000000705d00000|
|  94|0x0000000705e00000, 0x0000000705f00000, 0x0000000705f00000|100%|HC|  |TS  0|AC  0|TAMS 0x0000000705e00000, 0x0000000705e00000|
|  95|0x0000000705f00000, 0x0000000706000000, 0x0000000706000000|100%|HC|  |TS  0|AC  0|TAMS 0x0000000705f00000, 0x0000000705f00000|
|  96|0x0000000706000000, 0x0000000706100000, 0x0000000706100000|100%|HC|  |TS  0|AC  0|TAMS 0x0000000706000000, 0x0000000706000000|
|  97|0x0000000706100000, 0x0000000706200000, 0x0000000706200000|100%|HC|  |TS  0|AC  0|TAMS 0x0000000706100000, 0x0000000706100000|
|  98|0x0000000706200000, 0x0000000706300000, 0x0000000706300000|100%|HC|  |TS  0|AC  0|TAMS 0x0000000706200000, 0x0000000706200000|
|  99|0x0000000706300000, 0x0000000706400000, 0x0000000706400000|100%|HC|  |TS  0|AC  0|TAMS 0x0000000706300000, 0x0000000706300000|
| 100|0x0000000706400000, 0x0000000706500000, 0x0000000706500000|100%|HC|  |TS  0|AC  0|TAMS 0x0000000706400000, 0x0000000706400000|
| 101|0x0000000706500000, 0x0000000706600000, 0x0000000706600000|100%|HC|  |TS  0|AC  0|TAMS 0x0000000706500000, 0x0000000706500000|
| 102|0x0000000706600000, 0x0000000706700000, 0x0000000706700000|100%|HC|  |TS  0|AC  0|TAMS 0x0000000706600000, 0x0000000706600000|
| 103|0x0000000706700000, 0x0000000706800000, 0x0000000706800000|100%|HC|  |TS  0|AC  0|TAMS 0x0000000706700000, 0x0000000706700000|
| 104|0x0000000706800000, 0x0000000706900000, 0x0000000706900000|100%|HC|  |TS  0|AC  0|TAMS 0x0000000706800000, 0x0000000706800000|
| 105|0x0000000706900000, 0x0000000706a00000, 0x0000000706a00000|100%|HC|  |TS  0|AC  0|TAMS 0x0000000706900000, 0x0000000706900000|
| 106|0x0000000706a00000, 0x0000000706b00000, 0x0000000706b00000|100%|HC|  |TS  0|AC  0|TAMS 0x0000000706a00000, 0x0000000706a00000|
| 107|0x0000000706b00000, 0x0000000706b00000, 0x0000000706c00000|  0%| F|  |TS  0|AC  0|TAMS 0x0000000706b00000, 0x0000000706b00000|
| 108|0x0000000706c00000, 0x0000000706c00000, 0x0000000706d00000|  0%| F|  |TS  0|AC  0|TAMS 0x0000000706c00000, 0x0000000706c00000|
| 109|0x0000000706d00000, 0x0000000706d00000, 0x0000000706e00000|  0%| F|  |TS  0|AC  0|TAMS 0x0000000706d00000, 0x0000000706d00000|
| 110|0x0000000706e00000, 0x0000000706e00000, 0x0000000706f00000|  0%| F|  |TS  0|AC  0|TAMS 0x0000000706e00000, 0x0000000706e00000|
| 111|0x0000000706f00000, 0x0000000706f00000, 0x0000000707000000|  0%| F|  |TS  0|AC  0|TAMS 0x0000000706f00000, 0x0000000706f00000|
| 112|0x0000000707000000, 0x0000000707000000, 0x0000000707100000|  0%| F|  |TS  0|AC  0|TAMS 0x0000000707000000, 0x0000000707000000|
| 113|0x0000000707100000, 0x0000000707100000, 0x0000000707200000|  0%| F|  |TS  0|AC  0|TAMS 0x0000000707100000, 0x0000000707100000|
| 114|0x0000000707200000, 0x0000000707200000, 0x0000000707300000|  0%| F|  |TS  0|AC  0|TAMS 0x0000000707200000, 0x0000000707200000|
| 115|0x0000000707300000, 0x0000000707300000, 0x0000000707400000|  0%| F|  |TS  0|AC  0|TAMS 0x0000000707300000, 0x0000000707300000|
| 116|0x0000000707400000, 0x0000000707400000, 0x0000000707500000|  0%| F|  |TS  0|AC  0|TAMS 0x0000000707400000, 0x0000000707400000|
| 117|0x0000000707500000, 0x0000000707500000, 0x0000000707600000|  0%| F|  |TS  0|AC  0|TAMS 0x0000000707500000, 0x0000000707500000|
| 118|0x0000000707600000, 0x0000000707600000, 0x0000000707700000|  0%| F|  |TS  0|AC  0|TAMS 0x0000000707600000, 0x0000000707600000|
| 119|0x0000000707700000, 0x0000000707700000, 0x0000000707800000|  0%| F|  |TS  0|AC  0|TAMS 0x0000000707700000, 0x0000000707700000|
| 120|0x0000000707800000, 0x0000000707800000, 0x0000000707900000|  0%| F|  |TS  0|AC  0|TAMS 0x0000000707800000, 0x0000000707800000|
| 121|0x0000000707900000, 0x0000000707900000, 0x0000000707a00000|  0%| F|  |TS  0|AC  0|TAMS 0x0000000707900000, 0x0000000707900000|
| 122|0x0000000707a00000, 0x0000000707a00000, 0x0000000707b00000|  0%| F|  |TS  0|AC  0|TAMS 0x0000000707a00000, 0x0000000707a00000|
| 123|0x0000000707b00000, 0x0000000707b00000, 0x0000000707c00000|  0%| F|  |TS  0|AC  0|TAMS 0x0000000707b00000, 0x0000000707b00000|
| 124|0x0000000707c00000, 0x0000000707c00000, 0x0000000707d00000|  0%| F|  |TS  0|AC  0|TAMS 0x0000000707c00000, 0x0000000707c00000|
| 125|0x0000000707d00000, 0x0000000707d00000, 0x0000000707e00000|  0%| F|  |TS  0|AC  0|TAMS 0x0000000707d00000, 0x0000000707d00000|
| 126|0x0000000707e00000, 0x0000000707e00000, 0x0000000707f00000|  0%| F|  |TS  0|AC  0|TAMS 0x0000000707e00000, 0x0000000707e00000|
| 127|0x0000000707f00000, 0x0000000707f00000, 0x0000000708000000|  0%| F|  |TS  0|AC  0|TAMS 0x0000000707f00000, 0x0000000707f00000|
| 128|0x0000000708000000, 0x0000000708000000, 0x0000000708100000|  0%| F|  |TS  0|AC  0|TAMS 0x0000000708000000, 0x0000000708000000|
| 129|0x0000000708100000, 0x0000000708100000, 0x0000000708200000|  0%| F|  |TS  0|AC  0|TAMS 0x0000000708100000, 0x0000000708100000|
| 130|0x0000000708200000, 0x0000000708200000, 0x0000000708300000|  0%| F|  |TS  0|AC  0|TAMS 0x0000000708200000, 0x0000000708200000|
| 131|0x0000000708300000, 0x0000000708300000, 0x0000000708400000|  0%| F|  |TS  0|AC  0|TAMS 0x0000000708300000, 0x0000000708300000|
| 132|0x0000000708400000, 0x0000000708400000, 0x0000000708500000|  0%| F|  |TS  0|AC  0|TAMS 0x0000000708400000, 0x0000000708400000|
| 133|0x0000000708500000, 0x0000000708500000, 0x0000000708600000|  0%| F|  |TS  0|AC  0|TAMS 0x0000000708500000, 0x0000000708500000|
| 134|0x0000000708600000, 0x0000000708600000, 0x0000000708700000|  0%| F|  |TS  0|AC  0|TAMS 0x0000000708600000, 0x0000000708600000|
| 135|0x0000000708700000, 0x0000000708700000, 0x0000000708800000|  0%| F|  |TS  0|AC  0|TAMS 0x0000000708700000, 0x0000000708700000|
| 136|0x0000000708800000, 0x0000000708800000, 0x0000000708900000|  0%| F|  |TS  0|AC  0|TAMS 0x0000000708800000, 0x0000000708800000|
| 137|0x0000000708900000, 0x0000000708900000, 0x0000000708a00000|  0%| F|  |TS  0|AC  0|TAMS 0x0000000708900000, 0x0000000708900000|
| 138|0x0000000708a00000, 0x0000000708a00000, 0x0000000708b00000|  0%| F|  |TS  0|AC  0|TAMS 0x0000000708a00000, 0x0000000708a00000|
| 139|0x0000000708b00000, 0x0000000708b00000, 0x0000000708c00000|  0%| F|  |TS  0|AC  0|TAMS 0x0000000708b00000, 0x0000000708b00000|
| 140|0x0000000708c00000, 0x0000000708c00000, 0x0000000708d00000|  0%| F|  |TS  0|AC  0|TAMS 0x0000000708c00000, 0x0000000708c00000|
| 141|0x0000000708d00000, 0x0000000708d00000, 0x0000000708e00000|  0%| F|  |TS  0|AC  0|TAMS 0x0000000708d00000, 0x0000000708d00000|
| 142|0x0000000708e00000, 0x0000000708e00000, 0x0000000708f00000|  0%| F|  |TS  0|AC  0|TAMS 0x0000000708e00000, 0x0000000708e00000|
| 143|0x0000000708f00000, 0x0000000708f00000, 0x0000000709000000|  0%| F|  |TS  0|AC  0|TAMS 0x0000000708f00000, 0x0000000708f00000|
| 144|0x0000000709000000, 0x0000000709000000, 0x0000000709100000|  0%| F|  |TS  0|AC  0|TAMS 0x0000000709000000, 0x0000000709000000|
| 145|0x0000000709100000, 0x0000000709100000, 0x0000000709200000|  0%| F|  |TS  0|AC  0|TAMS 0x0000000709100000, 0x0000000709100000|
| 146|0x0000000709200000, 0x0000000709200000, 0x0000000709300000|  0%| F|  |TS  0|AC  0|TAMS 0x0000000709200000, 0x0000000709200000|
| 147|0x0000000709300000, 0x0000000709300000, 0x0000000709400000|  0%| F|  |TS  0|AC  0|TAMS 0x0000000709300000, 0x0000000709300000|
| 148|0x0000000709400000, 0x0000000709400000, 0x0000000709500000|  0%| F|  |TS  0|AC  0|TAMS 0x0000000709400000, 0x0000000709400000|
| 149|0x0000000709500000, 0x0000000709500000, 0x0000000709600000|  0%| F|  |TS  0|AC  0|TAMS 0x0000000709500000, 0x0000000709500000|
| 150|0x0000000709600000, 0x0000000709600000, 0x0000000709700000|  0%| F|  |TS  0|AC  0|TAMS 0x0000000709600000, 0x0000000709600000|
| 151|0x0000000709700000, 0x0000000709700000, 0x0000000709800000|  0%| F|  |TS  0|AC  0|TAMS 0x0000000709700000, 0x0000000709700000|
| 152|0x0000000709800000, 0x0000000709800000, 0x0000000709900000|  0%| F|  |TS  0|AC  0|TAMS 0x0000000709800000, 0x0000000709800000|
| 153|0x0000000709900000, 0x0000000709900000, 0x0000000709a00000|  0%| F|  |TS  0|AC  0|TAMS 0x0000000709900000, 0x0000000709900000|
| 154|0x0000000709a00000, 0x0000000709a00000, 0x0000000709b00000|  0%| F|  |TS  0|AC  0|TAMS 0x0000000709a00000, 0x0000000709a00000|
| 155|0x0000000709b00000, 0x0000000709b00000, 0x0000000709c00000|  0%| F|  |TS  0|AC  0|TAMS 0x0000000709b00000, 0x0000000709b00000|
| 156|0x0000000709c00000, 0x0000000709c00000, 0x0000000709d00000|  0%| F|  |TS  0|AC  0|TAMS 0x0000000709c00000, 0x0000000709c00000|
| 157|0x0000000709d00000, 0x0000000709d00000, 0x0000000709e00000|  0%| F|  |TS  0|AC  0|TAMS 0x0000000709d00000, 0x0000000709d00000|
| 158|0x0000000709e00000, 0x0000000709e00000, 0x0000000709f00000|  0%| F|  |TS  0|AC  0|TAMS 0x0000000709e00000, 0x0000000709e00000|
| 159|0x0000000709f00000, 0x0000000709f00000, 0x000000070a000000|  0%| F|  |TS  0|AC  0|TAMS 0x0000000709f00000, 0x0000000709f00000|
| 160|0x000000070a000000, 0x000000070a000000, 0x000000070a100000|  0%| F|  |TS  0|AC  0|TAMS 0x000000070a000000, 0x000000070a000000|
| 161|0x000000070a100000, 0x000000070a100000, 0x000000070a200000|  0%| F|  |TS  0|AC  0|TAMS 0x000000070a100000, 0x000000070a100000|
| 162|0x000000070a200000, 0x000000070a200000, 0x000000070a300000|  0%| F|  |TS  0|AC  0|TAMS 0x000000070a200000, 0x000000070a200000|
| 163|0x000000070a300000, 0x000000070a300000, 0x000000070a400000|  0%| F|  |TS  0|AC  0|TAMS 0x000000070a300000, 0x000000070a300000|
| 164|0x000000070a400000, 0x000000070a400000, 0x000000070a500000|  0%| F|  |TS  0|AC  0|TAMS 0x000000070a400000, 0x000000070a400000|
| 165|0x000000070a500000, 0x000000070a500000, 0x000000070a600000|  0%| F|  |TS  0|AC  0|TAMS 0x000000070a500000, 0x000000070a500000|
| 166|0x000000070a600000, 0x000000070a600000, 0x000000070a700000|  0%| F|  |TS  0|AC  0|TAMS 0x000000070a600000, 0x000000070a600000|
| 167|0x000000070a700000, 0x000000070a700000, 0x000000070a800000|  0%| F|  |TS  0|AC  0|TAMS 0x000000070a700000, 0x000000070a700000|
| 168|0x000000070a800000, 0x000000070a800000, 0x000000070a900000|  0%| F|  |TS  0|AC  0|TAMS 0x000000070a800000, 0x000000070a800000|
| 169|0x000000070a900000, 0x000000070a900000, 0x000000070aa00000|  0%| F|  |TS  0|AC  0|TAMS 0x000000070a900000, 0x000000070a900000|
| 170|0x000000070aa00000, 0x000000070aa00000, 0x000000070ab00000|  0%| F|  |TS  0|AC  0|TAMS 0x000000070aa00000, 0x000000070aa00000|
| 171|0x000000070ab00000, 0x000000070ab00000, 0x000000070ac00000|  0%| F|  |TS  0|AC  0|TAMS 0x000000070ab00000, 0x000000070ab00000|
| 172|0x000000070ac00000, 0x000000070ac00000, 0x000000070ad00000|  0%| F|  |TS  0|AC  0|TAMS 0x000000070ac00000, 0x000000070ac00000|
| 173|0x000000070ad00000, 0x000000070ad00000, 0x000000070ae00000|  0%| F|  |TS  0|AC  0|TAMS 0x000000070ad00000, 0x000000070ad00000|
| 174|0x000000070ae00000, 0x000000070ae00000, 0x000000070af00000|  0%| F|  |TS  0|AC  0|TAMS 0x000000070ae00000, 0x000000070ae00000|
| 175|0x000000070af00000, 0x000000070af00000, 0x000000070b000000|  0%| F|  |TS  0|AC  0|TAMS 0x000000070af00000, 0x000000070af00000|
| 176|0x000000070b000000, 0x000000070b000000, 0x000000070b100000|  0%| F|  |TS  0|AC  0|TAMS 0x000000070b000000, 0x000000070b000000|
| 177|0x000000070b100000, 0x000000070b100000, 0x000000070b200000|  0%| F|  |TS  0|AC  0|TAMS 0x000000070b100000, 0x000000070b100000|
| 178|0x000000070b200000, 0x000000070b200000, 0x000000070b300000|  0%| F|  |TS  0|AC  0|TAMS 0x000000070b200000, 0x000000070b200000|
| 179|0x000000070b300000, 0x000000070b300000, 0x000000070b400000|  0%| F|  |TS  0|AC  0|TAMS 0x000000070b300000, 0x000000070b300000|
| 180|0x000000070b400000, 0x000000070b400000, 0x000000070b500000|  0%| F|  |TS  0|AC  0|TAMS 0x000000070b400000, 0x000000070b400000|
| 181|0x000000070b500000, 0x000000070b500000, 0x000000070b600000|  0%| F|  |TS  0|AC  0|TAMS 0x000000070b500000, 0x000000070b500000|
| 182|0x000000070b600000, 0x000000070b600000, 0x000000070b700000|  0%| F|  |TS  0|AC  0|TAMS 0x000000070b600000, 0x000000070b600000|
| 183|0x000000070b700000, 0x000000070b700000, 0x000000070b800000|  0%| F|  |TS  0|AC  0|TAMS 0x000000070b700000, 0x000000070b700000|
| 184|0x000000070b800000, 0x000000070b800000, 0x000000070b900000|  0%| F|  |TS  0|AC  0|TAMS 0x000000070b800000, 0x000000070b800000|
| 185|0x000000070b900000, 0x000000070b900000, 0x000000070ba00000|  0%| F|  |TS  0|AC  0|TAMS 0x000000070b900000, 0x000000070b900000|
| 186|0x000000070ba00000, 0x000000070ba00000, 0x000000070bb00000|  0%| F|  |TS  0|AC  0|TAMS 0x000000070ba00000, 0x000000070ba00000|
| 187|0x000000070bb00000, 0x000000070bb00000, 0x000000070bc00000|  0%| F|  |TS  0|AC  0|TAMS 0x000000070bb00000, 0x000000070bb00000|
| 188|0x000000070bc00000, 0x000000070bc00000, 0x000000070bd00000|  0%| F|  |TS  0|AC  0|TAMS 0x000000070bc00000, 0x000000070bc00000|
| 189|0x000000070bd00000, 0x000000070bd00000, 0x000000070be00000|  0%| F|  |TS  0|AC  0|TAMS 0x000000070bd00000, 0x000000070bd00000|
| 190|0x000000070be00000, 0x000000070be00000, 0x000000070bf00000|  0%| F|  |TS  0|AC  0|TAMS 0x000000070be00000, 0x000000070be00000|
| 191|0x000000070bf00000, 0x000000070bf00000, 0x000000070c000000|  0%| F|  |TS  0|AC  0|TAMS 0x000000070bf00000, 0x000000070bf00000|
| 192|0x000000070c000000, 0x000000070c000000, 0x000000070c100000|  0%| F|  |TS  0|AC  0|TAMS 0x000000070c000000, 0x000000070c000000|
| 193|0x000000070c100000, 0x000000070c100000, 0x000000070c200000|  0%| F|  |TS  0|AC  0|TAMS 0x000000070c100000, 0x000000070c100000|
| 194|0x000000070c200000, 0x000000070c200000, 0x000000070c300000|  0%| F|  |TS  0|AC  0|TAMS 0x000000070c200000, 0x000000070c200000|
| 195|0x000000070c300000, 0x000000070c300000, 0x000000070c400000|  0%| F|  |TS  0|AC  0|TAMS 0x000000070c300000, 0x000000070c300000|
| 196|0x000000070c400000, 0x000000070c400000, 0x000000070c500000|  0%| F|  |TS  0|AC  0|TAMS 0x000000070c400000, 0x000000070c400000|
| 197|0x000000070c500000, 0x000000070c500000, 0x000000070c600000|  0%| F|  |TS  0|AC  0|TAMS 0x000000070c500000, 0x000000070c500000|
| 198|0x000000070c600000, 0x000000070c600000, 0x000000070c700000|  0%| F|  |TS  0|AC  0|TAMS 0x000000070c600000, 0x000000070c600000|
| 199|0x000000070c700000, 0x000000070c700000, 0x000000070c800000|  0%| F|  |TS  0|AC  0|TAMS 0x000000070c700000, 0x000000070c700000|
| 200|0x000000070c800000, 0x000000070c800000, 0x000000070c900000|  0%| F|  |TS  0|AC  0|TAMS 0x000000070c800000, 0x000000070c800000|
| 201|0x000000070c900000, 0x000000070c900000, 0x000000070ca00000|  0%| F|  |TS  0|AC  0|TAMS 0x000000070c900000, 0x000000070c900000|
| 202|0x000000070ca00000, 0x000000070ca00000, 0x000000070cb00000|  0%| F|  |TS  0|AC  0|TAMS 0x000000070ca00000, 0x000000070ca00000|
| 203|0x000000070cb00000, 0x000000070cb00000, 0x000000070cc00000|  0%| F|  |TS  0|AC  0|TAMS 0x000000070cb00000, 0x000000070cb00000|
| 204|0x000000070cc00000, 0x000000070cc00000, 0x000000070cd00000|  0%| F|  |TS  0|AC  0|TAMS 0x000000070cc00000, 0x000000070cc00000|
| 205|0x000000070cd00000, 0x000000070cd00000, 0x000000070ce00000|  0%| F|  |TS  0|AC  0|TAMS 0x000000070cd00000, 0x000000070cd00000|
| 206|0x000000070ce00000, 0x000000070ce00000, 0x000000070cf00000|  0%| F|  |TS  0|AC  0|TAMS 0x000000070ce00000, 0x000000070ce00000|
| 207|0x000000070cf00000, 0x000000070cf00000, 0x000000070d000000|  0%| F|  |TS  0|AC  0|TAMS 0x000000070cf00000, 0x000000070cf00000|
| 208|0x000000070d000000, 0x000000070d000000, 0x000000070d100000|  0%| F|  |TS  0|AC  0|TAMS 0x000000070d000000, 0x000000070d000000|
| 209|0x000000070d100000, 0x000000070d100000, 0x000000070d200000|  0%| F|  |TS  0|AC  0|TAMS 0x000000070d100000, 0x000000070d100000|
| 210|0x000000070d200000, 0x000000070d200000, 0x000000070d300000|  0%| F|  |TS  0|AC  0|TAMS 0x000000070d200000, 0x000000070d200000|
| 211|0x000000070d300000, 0x000000070d300000, 0x000000070d400000|  0%| F|  |TS  0|AC  0|TAMS 0x000000070d300000, 0x000000070d300000|
| 212|0x000000070d400000, 0x000000070d400000, 0x000000070d500000|  0%| F|  |TS  0|AC  0|TAMS 0x000000070d400000, 0x000000070d400000|
| 213|0x000000070d500000, 0x000000070d500000, 0x000000070d600000|  0%| F|  |TS  0|AC  0|TAMS 0x000000070d500000, 0x000000070d500000|
| 214|0x000000070d600000, 0x000000070d600000, 0x000000070d700000|  0%| F|  |TS  0|AC  0|TAMS 0x000000070d600000, 0x000000070d600000|
| 215|0x000000070d700000, 0x000000070d700000, 0x000000070d800000|  0%| F|  |TS  0|AC  0|TAMS 0x000000070d700000, 0x000000070d700000|
| 216|0x000000070d800000, 0x000000070d800000, 0x000000070d900000|  0%| F|  |TS  0|AC  0|TAMS 0x000000070d800000, 0x000000070d800000|
| 217|0x000000070d900000, 0x000000070d900000, 0x000000070da00000|  0%| F|  |TS  0|AC  0|TAMS 0x000000070d900000, 0x000000070d900000|
| 218|0x000000070da00000, 0x000000070da00000, 0x000000070db00000|  0%| F|  |TS  0|AC  0|TAMS 0x000000070da00000, 0x000000070da00000|
| 219|0x000000070db00000, 0x000000070db00000, 0x000000070dc00000|  0%| F|  |TS  0|AC  0|TAMS 0x000000070db00000, 0x000000070db00000|
| 220|0x000000070dc00000, 0x000000070dc00000, 0x000000070dd00000|  0%| F|  |TS  0|AC  0|TAMS 0x000000070dc00000, 0x000000070dc00000|
| 221|0x000000070dd00000, 0x000000070dd00000, 0x000000070de00000|  0%| F|  |TS  0|AC  0|TAMS 0x000000070dd00000, 0x000000070dd00000|
| 222|0x000000070de00000, 0x000000070de00000, 0x000000070df00000|  0%| F|  |TS  0|AC  0|TAMS 0x000000070de00000, 0x000000070de00000|
| 223|0x000000070df00000, 0x000000070df00000, 0x000000070e000000|  0%| F|  |TS  0|AC  0|TAMS 0x000000070df00000, 0x000000070df00000|
| 224|0x000000070e000000, 0x000000070e000000, 0x000000070e100000|  0%| F|  |TS  0|AC  0|TAMS 0x000000070e000000, 0x000000070e000000|
| 225|0x000000070e100000, 0x000000070e100000, 0x000000070e200000|  0%| F|  |TS  0|AC  0|TAMS 0x000000070e100000, 0x000000070e100000|
| 226|0x000000070e200000, 0x000000070e200000, 0x000000070e300000|  0%| F|  |TS  0|AC  0|TAMS 0x000000070e200000, 0x000000070e200000|
| 227|0x000000070e300000, 0x000000070e300000, 0x000000070e400000|  0%| F|  |TS  3|AC  0|TAMS 0x000000070e300000, 0x000000070e300000|
| 228|0x000000070e400000, 0x000000070e4acbc0, 0x000000070e500000| 67%| S|CS|TS  3|AC  0|TAMS 0x000000070e400000, 0x000000070e400000|
| 229|0x000000070e500000, 0x000000070e500000, 0x000000070e600000|  0%| F|  |TS  3|AC  0|TAMS 0x000000070e500000, 0x000000070e500000|
| 230|0x000000070e600000, 0x000000070e600000, 0x000000070e700000|  0%| F|  |TS  3|AC  0|TAMS 0x000000070e600000, 0x000000070e600000|
| 231|0x000000070e700000, 0x000000070e700000, 0x000000070e800000|  0%| F|  |TS  3|AC  0|TAMS 0x000000070e700000, 0x000000070e700000|
| 232|0x000000070e800000, 0x000000070e800000, 0x000000070e900000|  0%| F|  |TS  3|AC  0|TAMS 0x000000070e800000, 0x000000070e800000|
| 233|0x000000070e900000, 0x000000070e900000, 0x000000070ea00000|  0%| F|  |TS  3|AC  0|TAMS 0x000000070e900000, 0x000000070e900000|
| 234|0x000000070ea00000, 0x000000070ea00000, 0x000000070eb00000|  0%| F|  |TS  3|AC  0|TAMS 0x000000070ea00000, 0x000000070ea00000|
| 235|0x000000070eb00000, 0x000000070eb00000, 0x000000070ec00000|  0%| F|  |TS  3|AC  0|TAMS 0x000000070eb00000, 0x000000070eb00000|
| 236|0x000000070ec00000, 0x000000070ec00000, 0x000000070ed00000|  0%| F|  |TS  3|AC  0|TAMS 0x000000070ec00000, 0x000000070ec00000|
| 237|0x000000070ed00000, 0x000000070ed00000, 0x000000070ee00000|  0%| F|  |TS  3|AC  0|TAMS 0x000000070ed00000, 0x000000070ed00000|
| 238|0x000000070ee00000, 0x000000070ee00000, 0x000000070ef00000|  0%| F|  |TS  3|AC  0|TAMS 0x000000070ee00000, 0x000000070ee00000|
| 239|0x000000070ef00000, 0x000000070ef00000, 0x000000070f000000|  0%| F|  |TS  3|AC  0|TAMS 0x000000070ef00000, 0x000000070ef00000|
| 240|0x000000070f000000, 0x000000070f000000, 0x000000070f100000|  0%| F|  |TS  3|AC  0|TAMS 0x000000070f000000, 0x000000070f000000|
| 241|0x000000070f100000, 0x000000070f100000, 0x000000070f200000|  0%| F|  |TS  3|AC  0|TAMS 0x000000070f100000, 0x000000070f100000|
| 242|0x000000070f200000, 0x000000070f200000, 0x000000070f300000|  0%| F|  |TS  3|AC  0|TAMS 0x000000070f200000, 0x000000070f200000|
| 243|0x000000070f300000, 0x000000070f300000, 0x000000070f400000|  0%| F|  |TS  3|AC  0|TAMS 0x000000070f300000, 0x000000070f300000|
| 244|0x000000070f400000, 0x000000070f400000, 0x000000070f500000|  0%| F|  |TS  3|AC  0|TAMS 0x000000070f400000, 0x000000070f400000|
| 245|0x000000070f500000, 0x000000070f500000, 0x000000070f600000|  0%| F|  |TS  3|AC  0|TAMS 0x000000070f500000, 0x000000070f500000|
| 246|0x000000070f600000, 0x000000070f600000, 0x000000070f700000|  0%| F|  |TS  3|AC  0|TAMS 0x000000070f600000, 0x000000070f600000|
| 247|0x000000070f700000, 0x000000070f700000, 0x000000070f800000|  0%| F|  |TS  3|AC  0|TAMS 0x000000070f700000, 0x000000070f700000|
| 248|0x000000070f800000, 0x000000070f800000, 0x000000070f900000|  0%| F|  |TS  3|AC  0|TAMS 0x000000070f800000, 0x000000070f800000|
| 249|0x000000070f900000, 0x000000070f900000, 0x000000070fa00000|  0%| F|  |TS  3|AC  0|TAMS 0x000000070f900000, 0x000000070f900000|
| 250|0x000000070fa00000, 0x000000070fa00000, 0x000000070fb00000|  0%| F|  |TS  3|AC  0|TAMS 0x000000070fa00000, 0x000000070fa00000|
| 251|0x000000070fb00000, 0x000000070fb00000, 0x000000070fc00000|  0%| F|  |TS  3|AC  0|TAMS 0x000000070fb00000, 0x000000070fb00000|
| 252|0x000000070fc00000, 0x000000070fc00000, 0x000000070fd00000|  0%| F|  |TS  3|AC  0|TAMS 0x000000070fc00000, 0x000000070fc00000|
| 253|0x000000070fd00000, 0x000000070fd00000, 0x000000070fe00000|  0%| F|  |TS  3|AC  0|TAMS 0x000000070fd00000, 0x000000070fd00000|
| 254|0x000000070fe00000, 0x000000070fe00000, 0x000000070ff00000|  0%| F|  |TS  3|AC  0|TAMS 0x000000070fe00000, 0x000000070fe00000|
| 255|0x000000070ff00000, 0x000000070ff00000, 0x0000000710000000|  0%| F|  |TS  3|AC  0|TAMS 0x000000070ff00000, 0x000000070ff00000|
| 256|0x0000000710000000, 0x0000000710000000, 0x0000000710100000|  0%| F|  |TS  3|AC  0|TAMS 0x0000000710000000, 0x0000000710000000|
| 257|0x0000000710100000, 0x0000000710100000, 0x0000000710200000|  0%| F|  |TS  3|AC  0|TAMS 0x0000000710100000, 0x0000000710100000|
| 258|0x0000000710200000, 0x0000000710200000, 0x0000000710300000|  0%| F|  |TS  3|AC  0|TAMS 0x0000000710200000, 0x0000000710200000|
| 259|0x0000000710300000, 0x0000000710300000, 0x0000000710400000|  0%| F|  |TS  3|AC  0|TAMS 0x0000000710300000, 0x0000000710300000|
| 260|0x0000000710400000, 0x0000000710400000, 0x0000000710500000|  0%| F|  |TS  3|AC  0|TAMS 0x0000000710400000, 0x0000000710400000|
| 261|0x0000000710500000, 0x0000000710500000, 0x0000000710600000|  0%| F|  |TS  3|AC  0|TAMS 0x0000000710500000, 0x0000000710500000|
| 262|0x0000000710600000, 0x0000000710600000, 0x0000000710700000|  0%| F|  |TS  3|AC  0|TAMS 0x0000000710600000, 0x0000000710600000|
| 263|0x0000000710700000, 0x0000000710700000, 0x0000000710800000|  0%| F|  |TS  3|AC  0|TAMS 0x0000000710700000, 0x0000000710700000|
| 264|0x0000000710800000, 0x0000000710800000, 0x0000000710900000|  0%| F|  |TS  3|AC  0|TAMS 0x0000000710800000, 0x0000000710800000|
| 265|0x0000000710900000, 0x0000000710900000, 0x0000000710a00000|  0%| F|  |TS  3|AC  0|TAMS 0x0000000710900000, 0x0000000710900000|
| 266|0x0000000710a00000, 0x0000000710a00000, 0x0000000710b00000|  0%| F|  |TS  3|AC  0|TAMS 0x0000000710a00000, 0x0000000710a00000|
| 267|0x0000000710b00000, 0x0000000710b00000, 0x0000000710c00000|  0%| F|  |TS  3|AC  0|TAMS 0x0000000710b00000, 0x0000000710b00000|
| 268|0x0000000710c00000, 0x0000000710c00000, 0x0000000710d00000|  0%| F|  |TS  3|AC  0|TAMS 0x0000000710c00000, 0x0000000710c00000|
| 269|0x0000000710d00000, 0x0000000710d00000, 0x0000000710e00000|  0%| F|  |TS  3|AC  0|TAMS 0x0000000710d00000, 0x0000000710d00000|
| 270|0x0000000710e00000, 0x0000000710e00000, 0x0000000710f00000|  0%| F|  |TS  3|AC  0|TAMS 0x0000000710e00000, 0x0000000710e00000|
| 271|0x0000000710f00000, 0x0000000710f00000, 0x0000000711000000|  0%| F|  |TS  3|AC  0|TAMS 0x0000000710f00000, 0x0000000710f00000|
| 272|0x0000000711000000, 0x0000000711000000, 0x0000000711100000|  0%| F|  |TS  3|AC  0|TAMS 0x0000000711000000, 0x0000000711000000|
| 273|0x0000000711100000, 0x0000000711100000, 0x0000000711200000|  0%| F|  |TS  3|AC  0|TAMS 0x0000000711100000, 0x0000000711100000|
| 274|0x0000000711200000, 0x0000000711200000, 0x0000000711300000|  0%| F|  |TS  3|AC  0|TAMS 0x0000000711200000, 0x0000000711200000|
| 275|0x0000000711300000, 0x0000000711300000, 0x0000000711400000|  0%| F|  |TS  3|AC  0|TAMS 0x0000000711300000, 0x0000000711300000|
| 276|0x0000000711400000, 0x0000000711400000, 0x0000000711500000|  0%| F|  |TS  3|AC  0|TAMS 0x0000000711400000, 0x0000000711400000|
| 277|0x0000000711500000, 0x0000000711500000, 0x0000000711600000|  0%| F|  |TS  3|AC  0|TAMS 0x0000000711500000, 0x0000000711500000|
| 278|0x0000000711600000, 0x0000000711600000, 0x0000000711700000|  0%| F|  |TS  3|AC  0|TAMS 0x0000000711600000, 0x0000000711600000|
| 279|0x0000000711700000, 0x0000000711700000, 0x0000000711800000|  0%| F|  |TS  3|AC  0|TAMS 0x0000000711700000, 0x0000000711700000|
| 280|0x0000000711800000, 0x0000000711800000, 0x0000000711900000|  0%| F|  |TS  3|AC  0|TAMS 0x0000000711800000, 0x0000000711800000|
| 281|0x0000000711900000, 0x0000000711900000, 0x0000000711a00000|  0%| F|  |TS  3|AC  0|TAMS 0x0000000711900000, 0x0000000711900000|
| 282|0x0000000711a00000, 0x0000000711a00000, 0x0000000711b00000|  0%| F|  |TS  3|AC  0|TAMS 0x0000000711a00000, 0x0000000711a00000|
| 283|0x0000000711b00000, 0x0000000711bb8238, 0x0000000711c00000| 71%| E|  |TS  3|AC  0|TAMS 0x0000000711b00000, 0x0000000711b00000|
| 284|0x0000000711c00000, 0x0000000711d00000, 0x0000000711d00000|100%| E|CS|TS  3|AC  0|TAMS 0x0000000711c00000, 0x0000000711c00000|
| 285|0x0000000711d00000, 0x0000000711e00000, 0x0000000711e00000|100%| E|CS|TS  3|AC  0|TAMS 0x0000000711d00000, 0x0000000711d00000|
| 286|0x0000000711e00000, 0x0000000711f00000, 0x0000000711f00000|100%| E|CS|TS  3|AC  0|TAMS 0x0000000711e00000, 0x0000000711e00000|
| 287|0x0000000711f00000, 0x0000000712000000, 0x0000000712000000|100%| E|CS|TS  3|AC  0|TAMS 0x0000000711f00000, 0x0000000711f00000|

Card table byte_map: [0x0000025992810000,0x0000025992e10000] byte_map_base: 0x000002598f010000

Marking Bits (Prev, Next): (CMBitMap*) 0x000002598acf9348, (CMBitMap*) 0x000002598acf9310
 Prev Bits: [0x00000259ad260000, 0x00000259b0260000)
 Next Bits: [0x00000259aa260000, 0x00000259ad260000)

Polling page: 0x0000025988ec0000

CodeHeap 'non-profiled nmethods': size=120064Kb used=31353Kb max_used=33657Kb free=88710Kb
 bounds [0x00000259a2720000, 0x00000259a4820000, 0x00000259a9c60000]
CodeHeap 'profiled nmethods': size=120000Kb used=46134Kb max_used=50155Kb free=73865Kb
 bounds [0x000002599b1f0000, 0x000002599e340000, 0x00000259a2720000]
CodeHeap 'non-nmethods': size=5696Kb used=1814Kb max_used=1911Kb free=3882Kb
 bounds [0x000002599ac60000, 0x000002599aed0000, 0x000002599b1f0000]
 total_blobs=45933 nmethods=20822 adapters=1154
 compilation: enabled

Compilation events (10 events):
Event: 21410.937 Thread 0x000002598fa12000 30682       4       ui.views.waveform.executive.protobuf.WVTree$WVTreeBaseNode::isInitialized (70 bytes)
Event: 21410.937 Thread 0x000002598fa12000 nmethod 30682 0x00000259a3b2e990 code [0x00000259a3b2eb20, 0x00000259a3b2ebf8]
Event: 21411.354 Thread 0x00000259916a3800 30684       3       ui.frmwork.d.c::CW (41 bytes)
Event: 21411.355 Thread 0x00000259916a3800 nmethod 30684 0x000002599cf46790 code [0x000002599cf46960, 0x000002599cf46dd0]
Event: 21411.496 Thread 0x00000259916a3800 30685       3       ui.views.c.t.b.b::cJQ (89 bytes)
Event: 21411.498 Thread 0x00000259916a3800 nmethod 30685 0x000002599d45ed10 code [0x000002599d45f060, 0x000002599d4606a0]
Event: 21411.498 Thread 0x00000259916a3800 30686       3       ui.views.c.t.b.b::cJF (1 bytes)
Event: 21411.498 Thread 0x00000259916a3800 nmethod 30686 0x000002599c09ea10 code [0x000002599c09ebc0, 0x000002599c09ed18]
Event: 21412.701 Thread 0x00000259916a3800 30689       3       ui.utils.aQ::JN (64 bytes)
Event: 21412.705 Thread 0x00000259916a3800 nmethod 30689 0x000002599d545810 code [0x000002599d545d00, 0x000002599d5492a0]

GC Heap History (10 events):
Event: 21403.213 GC heap before
{Heap before GC invocations=2728 (full 122):
 garbage-first heap   total 294912K, used 168776K [0x0000000700000000, 0x0000000700100900, 0x00000007c0000000)
  region size 1024K, 61 young (62464K), 2 survivors (2048K)
 Metaspace       used 87811K, capacity 90487K, committed 94720K, reserved 1130496K
  class space    used 11359K, capacity 11888K, committed 12800K, reserved 1048576K
}
Event: 21403.219 GC heap after
{Heap after GC invocations=2729 (full 122):
 garbage-first heap   total 294912K, used 108798K [0x0000000700000000, 0x0000000700100900, 0x00000007c0000000)
  region size 1024K, 1 young (1024K), 1 survivors (1024K)
 Metaspace       used 87811K, capacity 90487K, committed 94720K, reserved 1130496K
  class space    used 11359K, capacity 11888K, committed 12800K, reserved 1048576K
}
Event: 21406.879 GC heap before
{Heap before GC invocations=2729 (full 122):
 garbage-first heap   total 294912K, used 169214K [0x0000000700000000, 0x0000000700100900, 0x00000007c0000000)
  region size 1024K, 60 young (61440K), 1 survivors (1024K)
 Metaspace       used 87813K, capacity 90487K, committed 94720K, reserved 1130496K
  class space    used 11359K, capacity 11888K, committed 12800K, reserved 1048576K
}
Event: 21406.888 GC heap after
{Heap after GC invocations=2730 (full 122):
 garbage-first heap   total 294912K, used 108721K [0x0000000700000000, 0x0000000700100900, 0x00000007c0000000)
  region size 1024K, 1 young (1024K), 1 survivors (1024K)
 Metaspace       used 87813K, capacity 90487K, committed 94720K, reserved 1130496K
  class space    used 11359K, capacity 11888K, committed 12800K, reserved 1048576K
}
Event: 21407.014 GC heap before
{Heap before GC invocations=2730 (full 122):
 garbage-first heap   total 294912K, used 135345K [0x0000000700000000, 0x0000000700100900, 0x00000007c0000000)
  region size 1024K, 23 young (23552K), 1 survivors (1024K)
 Metaspace       used 87813K, capacity 90487K, committed 94720K, reserved 1130496K
  class space    used 11359K, capacity 11888K, committed 12800K, reserved 1048576K
}
Event: 21407.336 GC heap after
{Heap after GC invocations=2731 (full 123):
 garbage-first heap   total 294912K, used 107884K [0x0000000700000000, 0x0000000700100900, 0x00000007c0000000)
  region size 1024K, 0 young (0K), 0 survivors (0K)
 Metaspace       used 87813K, capacity 90487K, committed 94720K, reserved 1130496K
  class space    used 11359K, capacity 11888K, committed 12800K, reserved 1048576K
}
Event: 21408.123 GC heap before
{Heap before GC invocations=2731 (full 123):
 garbage-first heap   total 294912K, used 169324K [0x0000000700000000, 0x0000000700100900, 0x00000007c0000000)
  region size 1024K, 60 young (61440K), 0 survivors (0K)
 Metaspace       used 87815K, capacity 90487K, committed 94720K, reserved 1130496K
  class space    used 11359K, capacity 11888K, committed 12800K, reserved 1048576K
}
Event: 21408.130 GC heap after
{Heap after GC invocations=2732 (full 123):
 garbage-first heap   total 294912K, used 108347K [0x0000000700000000, 0x0000000700100900, 0x00000007c0000000)
  region size 1024K, 1 young (1024K), 1 survivors (1024K)
 Metaspace       used 87815K, capacity 90487K, committed 94720K, reserved 1130496K
  class space    used 11359K, capacity 11888K, committed 12800K, reserved 1048576K
}
Event: 21414.794 GC heap before
{Heap before GC invocations=2732 (full 123):
 garbage-first heap   total 294912K, used 168763K [0x0000000700000000, 0x0000000700100900, 0x00000007c0000000)
  region size 1024K, 60 young (61440K), 1 survivors (1024K)
 Metaspace       used 87820K, capacity 90487K, committed 94720K, reserved 1130496K
  class space    used 11359K, capacity 11888K, committed 12800K, reserved 1048576K
}
Event: 21414.801 GC heap after
{Heap after GC invocations=2733 (full 123):
 garbage-first heap   total 294912K, used 108575K [0x0000000700000000, 0x0000000700100900, 0x00000007c0000000)
  region size 1024K, 1 young (1024K), 1 survivors (1024K)
 Metaspace       used 87820K, capacity 90487K, committed 94720K, reserved 1130496K
  class space    used 11359K, capacity 11888K, committed 12800K, reserved 1048576K
}

Deoptimization events (10 events):
Event: 21373.725 Thread 0x00000259b4935000 Uncommon trap: reason=class_check action=maybe_recompile pc=0x00000259a3a471e8 method=com.jidesoft.docking.c.findComponentByDockID(Lcom/jidesoft/docking/DockingManager;Ljava/awt/Container;I)Ljava/awt/Component; @ 37 c2
Event: 21373.726 Thread 0x00000259b4935000 Uncommon trap: reason=class_check action=maybe_recompile pc=0x00000259a3a471c0 method=com.jidesoft.docking.c.findComponentByDockID(Lcom/jidesoft/docking/DockingManager;Ljava/awt/Container;I)Ljava/awt/Component; @ 37 c2
Event: 21373.726 Thread 0x00000259b4935000 Uncommon trap: reason=class_check action=maybe_recompile pc=0x00000259a3a471e8 method=com.jidesoft.docking.c.findComponentByDockID(Lcom/jidesoft/docking/DockingManager;Ljava/awt/Container;I)Ljava/awt/Component; @ 37 c2
Event: 21388.308 Thread 0x00000259b4935000 Uncommon trap: reason=unstable_if action=reinterpret pc=0x00000259a3a4628c method=ui.utils.i.j.ar.processEvent(Ljava/awt/AWTEvent;)V @ 23 c2
Event: 21396.509 Thread 0x00000259b4935000 Uncommon trap: reason=bimorphic_or_optimized_type_check action=maybe_recompile pc=0x00000259a3d5e688 method=java.awt.Component.processEvent(Ljava/awt/AWTEvent;)V @ 103 c2
Event: 21396.533 Thread 0x00000259b4935000 Uncommon trap: reason=bimorphic_or_optimized_type_check action=maybe_recompile pc=0x00000259a3d5e688 method=java.awt.Component.processEvent(Ljava/awt/AWTEvent;)V @ 103 c2
Event: 21396.554 Thread 0x00000259b4935000 Uncommon trap: reason=bimorphic_or_optimized_type_check action=maybe_recompile pc=0x00000259a3d5e688 method=java.awt.Component.processEvent(Ljava/awt/AWTEvent;)V @ 103 c2
Event: 21396.575 Thread 0x00000259b4935000 Uncommon trap: reason=bimorphic_or_optimized_type_check action=maybe_recompile pc=0x00000259a3d5e688 method=java.awt.Component.processEvent(Ljava/awt/AWTEvent;)V @ 103 c2
Event: 21398.158 Thread 0x00000259b4935000 Uncommon trap: reason=unstable_if action=reinterpret pc=0x00000259a3bf4d08 method=javax.swing.JTable.getSelectedRows()[I @ 65 c2
Event: 21398.159 Thread 0x00000259b4935000 Uncommon trap: reason=unstable_if action=reinterpret pc=0x00000259a3b10cd4 method=com.jidesoft.grid.TreeTable.a([Lcom/jidesoft/grid/Row;[Lcom/jidesoft/grid/Row;)[Lcom/jidesoft/grid/Row; @ 69 c2

Classes redefined (0 events):
No events

Internal exceptions (10 events):
Event: 21409.145 Thread 0x00000259b4935000 Exception <a 'java/lang/ClassCastException'{0x000000070fc55d40}> (0x000000070fc55d40) thrown at [t:/workspace/hotspot/src/share/vm/runtime/sharedRuntime.cpp, line 606]
Event: 21409.145 Thread 0x00000259b4935000 Exception <a 'java/lang/ClassCastException'{0x000000070fc565a0}> (0x000000070fc565a0) thrown at [t:/workspace/hotspot/src/share/vm/runtime/sharedRuntime.cpp, line 606]
Event: 21409.145 Thread 0x00000259b4935000 Exception <a 'java/lang/ClassCastException'{0x000000070fc56e00}> (0x000000070fc56e00) thrown at [t:/workspace/hotspot/src/share/vm/runtime/sharedRuntime.cpp, line 606]
Event: 21409.145 Thread 0x00000259b4935000 Exception <a 'java/lang/ClassCastException'{0x000000070fc57660}> (0x000000070fc57660) thrown at [t:/workspace/hotspot/src/share/vm/runtime/sharedRuntime.cpp, line 606]
Event: 21409.145 Thread 0x00000259b4935000 Exception <a 'java/lang/ClassCastException'{0x000000070fc57ec0}> (0x000000070fc57ec0) thrown at [t:/workspace/hotspot/src/share/vm/runtime/sharedRuntime.cpp, line 606]
Event: 21409.145 Thread 0x00000259b4935000 Exception <a 'java/lang/ClassCastException'{0x000000070fc58720}> (0x000000070fc58720) thrown at [t:/workspace/hotspot/src/share/vm/runtime/sharedRuntime.cpp, line 606]
Event: 21409.145 Thread 0x00000259b4935000 Exception <a 'java/lang/ClassCastException'{0x000000070fc58f80}> (0x000000070fc58f80) thrown at [t:/workspace/hotspot/src/share/vm/runtime/sharedRuntime.cpp, line 606]
Event: 21410.833 Thread 0x00000259b4935000 Exception <a 'java/lang/ClassCastException'{0x000000070f566b60}> (0x000000070f566b60) thrown at [t:/workspace/hotspot/src/share/vm/runtime/sharedRuntime.cpp, line 606]
Event: 21410.834 Thread 0x00000259b4935000 Exception <a 'java/lang/ClassCastException'{0x000000070f575248}> (0x000000070f575248) thrown at [t:/workspace/hotspot/src/share/vm/runtime/sharedRuntime.cpp, line 606]
Event: 21410.883 Thread 0x00000259b4935000 Exception <a 'java/lang/ClassCastException'{0x000000070f138330}> (0x000000070f138330) thrown at [t:/workspace/hotspot/src/share/vm/runtime/sharedRuntime.cpp, line 606]

Events (10 events):
Event: 21414.348 Thread 0x00000259b6d2c800 Thread added: 0x00000259b6d2c800
Event: 21414.354 Thread 0x00000259b6d2c800 Thread exited: 0x00000259b6d2c800
Event: 21414.421 Thread 0x00000259b6d2f800 Thread added: 0x00000259b6d2f800
Event: 21414.427 Executing VM operation: RevokeBias
Event: 21414.427 Executing VM operation: RevokeBias done
Event: 21414.427 Thread 0x00000259b6d2f800 Thread exited: 0x00000259b6d2f800
Event: 21414.793 Executing VM operation: G1IncCollectionPause
Event: 21414.801 Executing VM operation: G1IncCollectionPause done
Event: 21415.349 Thread 0x00000259b6d30000 Thread added: 0x00000259b6d30000
Event: 21415.353 Thread 0x00000259b6d30000 Thread exited: 0x00000259b6d30000


Dynamic libraries:
0x00007ff6f79d0000 - 0x00007ff6f7a00000 	C:\Xilinx\Vivado\2019.1\bin\unwrapped\win64.o\vivado.exe
0x00007ffce9570000 - 0x00007ffce9766000 	C:\Windows\SYSTEM32\ntdll.dll
0x00007ffce8ef0000 - 0x00007ffce8fad000 	C:\Windows\System32\KERNEL32.DLL
0x00007ffce71f0000 - 0x00007ffce74b9000 	C:\Windows\System32\KERNELBASE.dll
0x00007ffce4500000 - 0x00007ffce4590000 	C:\Windows\SYSTEM32\apphelp.dll
0x00007ffce70c0000 - 0x00007ffce71c0000 	C:\Windows\System32\ucrtbase.dll
0x00007ffcd65d0000 - 0x00007ffcd65e4000 	C:\Xilinx\Vivado\2019.1\lib\win64.o\libboost_signals.dll
0x00007ffcd3820000 - 0x00007ffcd3834000 	C:\Xilinx\Vivado\2019.1\lib\win64.o\librdi_commonmain.dll
0x00007ffcb9cc0000 - 0x00007ffcbaba2000 	C:\Xilinx\Vivado\2019.1\lib\win64.o\librdi_common.dll
0x00007ffce8fb0000 - 0x00007ffce9150000 	C:\Windows\System32\USER32.dll
0x00007ffcd0c70000 - 0x00007ffcd0d01000 	C:\Windows\SYSTEM32\MSVCP140.dll
0x00007ffce71c0000 - 0x00007ffce71e2000 	C:\Windows\System32\win32u.dll
0x00007ffce7760000 - 0x00007ffce778a000 	C:\Windows\System32\GDI32.dll
0x00007ffce2580000 - 0x00007ffce2599000 	C:\Windows\SYSTEM32\VCRUNTIME140.dll
0x00007ffce74c0000 - 0x00007ffce75c9000 	C:\Windows\System32\gdi32full.dll
0x00007ffce6fa0000 - 0x00007ffce703d000 	C:\Windows\System32\msvcp_win.dll
0x00007ffce8840000 - 0x00007ffce88ec000 	C:\Windows\System32\ADVAPI32.dll
0x00007ffce9200000 - 0x00007ffce929e000 	C:\Windows\System32\msvcrt.dll
0x00007ffce75e0000 - 0x00007ffce767c000 	C:\Windows\System32\sechost.dll
0x00007ffce7830000 - 0x00007ffce795b000 	C:\Windows\System32\RPCRT4.dll
0x00007ffcd37f0000 - 0x00007ffcd3816000 	C:\Xilinx\Vivado\2019.1\lib\win64.o\libboost_filesystem.dll
0x00007ffce8080000 - 0x00007ffce87c2000 	C:\Windows\System32\SHELL32.dll
0x00007ffcd65c0000 - 0x00007ffcd65ca000 	C:\Xilinx\Vivado\2019.1\lib\win64.o\librdi_commonversion.dll
0x00007ffccfac0000 - 0x00007ffccfbe1000 	C:\Xilinx\Vivado\2019.1\lib\win64.o\librdi_commonxillic.dll
0x0000000059530000 - 0x000000005965b000 	C:\Xilinx\Vivado\2019.1\lib\win64.o\tcl85t.dll
0x00007ffce7790000 - 0x00007ffce77fb000 	C:\Windows\System32\WS2_32.dll
0x00007ffcd37d0000 - 0x00007ffcd37e4000 	C:\Xilinx\Vivado\2019.1\lib\win64.o\libboost_date_time.dll
0x00007ffccfa40000 - 0x00007ffccfabf000 	C:\Xilinx\Vivado\2019.1\lib\win64.o\libboost_program_options.dll
0x00007ffcbcff0000 - 0x00007ffcbd104000 	C:\Xilinx\Vivado\2019.1\lib\win64.o\libboost_regex.dll
0x00007ffcb9950000 - 0x00007ffcb9cbe000 	C:\Xilinx\Vivado\2019.1\lib\win64.o\libCOIN-all.dll
0x00007ffcd6580000 - 0x00007ffcd658b000 	C:\Xilinx\Vivado\2019.1\lib\win64.o\libboost_system.dll
0x00007ffcd55e0000 - 0x00007ffcd55ef000 	C:\Xilinx\Vivado\2019.1\lib\win64.o\libboost_xilinx.dll
0x00007ffcc4e50000 - 0x00007ffcc4ed2000 	C:\Xilinx\Vivado\2019.1\lib\win64.o\libhdlpsolve.dll
0x00007ffcbf5a0000 - 0x00007ffcbf645000 	C:\Xilinx\Vivado\2019.1\lib\win64.o\libhdxml.dll
0x00007ffcd28b0000 - 0x00007ffcd28de000 	C:\Xilinx\Vivado\2019.1\lib\win64.o\libisl_sysinfo.dll
0x00007ffccfd90000 - 0x00007ffccfdf5000 	C:\Xilinx\Vivado\2019.1\lib\win64.o\liblmx6.0.dll
0x00007ffcd2890000 - 0x00007ffcd28aa000 	C:\Xilinx\Vivado\2019.1\lib\win64.o\pthreadVC2.dll
0x00007ffcb8da0000 - 0x00007ffcb994f400 	C:\Xilinx\Vivado\2019.1\lib\win64.o\libisl_iostreams.dll
0x00007ffcd13a0000 - 0x00007ffcd13bc000 	C:\Xilinx\Vivado\2019.1\lib\win64.o\librdiconfig.dll
0x00007ffcd0c40000 - 0x00007ffcd0c61000 	C:\Xilinx\Vivado\2019.1\lib\win64.o\librdizlib.dll
0x00007ffce2570000 - 0x00007ffce257c000 	C:\Windows\SYSTEM32\VCRUNTIME140_1.dll
0x00007ffcd0c10000 - 0x00007ffcd0c31000 	C:\Xilinx\Vivado\2019.1\lib\win64.o\libboost_thread.dll
0x00007ffcd7f50000 - 0x00007ffcd7f68000 	C:\Windows\SYSTEM32\NETAPI32.dll
0x00007ffcd3db0000 - 0x00007ffcd428a000 	C:\Windows\SYSTEM32\WININET.dll
0x0000000012000000 - 0x0000000012270000 	C:\Xilinx\Vivado\2019.1\lib\win64.o\xerces-c_3_1.dll
0x00007ffcdef20000 - 0x00007ffcdf020000 	C:\Windows\SYSTEM32\WINHTTP.dll
0x00007ffcda450000 - 0x00007ffcda63d000 	C:\Windows\SYSTEM32\urlmon.dll
0x00007ffcd55a0000 - 0x00007ffcd55a9000 	C:\Windows\SYSTEM32\WSOCK32.dll
0x00007ffcb5470000 - 0x00007ffcb6301000 	C:\Xilinx\Vivado\2019.1\lib\win64.o\gurobi65.dll
0x00007ffccd8a0000 - 0x00007ffccd8cd000 	C:\Windows\SYSTEM32\VCOMP140.DLL
0x00007ffcb8ac0000 - 0x00007ffcb8d98000 	C:\Xilinx\Vivado\2019.1\lib\win64.o\libXil_lmgr11.dll
0x00007ffce7680000 - 0x00007ffce775b000 	C:\Windows\System32\COMDLG32.dll
0x00007ffce89c0000 - 0x00007ffce8d16000 	C:\Windows\System32\combase.dll
0x00007ffce7960000 - 0x00007ffce7a0e000 	C:\Windows\System32\shcore.dll
0x00007ffce88f0000 - 0x00007ffce8945000 	C:\Windows\System32\SHLWAPI.dll
0x00007ffce7b40000 - 0x00007ffce7c0d000 	C:\Windows\System32\OLEAUT32.dll
0x00007ffce7a10000 - 0x00007ffce7b3a000 	C:\Windows\System32\ole32.dll
0x00007ffce6ce0000 - 0x00007ffce6d40000 	C:\Windows\System32\WINTRUST.dll
0x00007ffcc4e30000 - 0x00007ffcc4e4b000 	C:\Xilinx\Vivado\2019.1\lib\win64.o\libboost_iostreams.dll
0x00007ffce6d90000 - 0x00007ffce6eed000 	C:\Windows\System32\CRYPT32.dll
0x00007ffcbf570000 - 0x00007ffcbf595000 	C:\Xilinx\Vivado\2019.1\lib\win64.o\libisl_iosutils.dll
0x00007ffcd36e0000 - 0x00007ffcd36ed000 	C:\Xilinx\Vivado\2019.1\lib\win64.o\libboost_chrono.dll
0x00007ffcdbe90000 - 0x00007ffcdc140000 	C:\Windows\SYSTEM32\iertutil.dll
0x00007ffcbd620000 - 0x00007ffcbd6d0000 	C:\Windows\WinSxS\amd64_microsoft.windows.common-controls_6595b64144ccf1df_5.82.19041.488_none_4238de57f6b64d28\COMCTL32.dll
0x00007ffce02d0000 - 0x00007ffce02ed000 	C:\Windows\SYSTEM32\dhcpcsvc.DLL
0x00007ffce61d0000 - 0x00007ffce61dc000 	C:\Windows\SYSTEM32\NETUTILS.DLL
0x00007ffce7800000 - 0x00007ffce7830000 	C:\Windows\System32\IMM32.DLL
0x00007ffce67d0000 - 0x00007ffce67e2000 	C:\Windows\SYSTEM32\MSASN1.dll
0x00007ffce55e0000 - 0x00007ffce55f2000 	C:\Windows\SYSTEM32\kernel.appcore.dll
0x00007ffcb4f50000 - 0x00007ffcb5467000 	C:\Xilinx\Vivado\2019.1\lib\win64.o\librdi_commontasks.dll
0x00007ffcda650000 - 0x00007ffcda65a000 	C:\Windows\SYSTEM32\VERSION.dll
0x00007ffcb4cc0000 - 0x00007ffcb4f46000 	C:\Xilinx\Vivado\2019.1\lib\win64.o\librdi_sio.dll
0x00007ffce60c0000 - 0x00007ffce60fb000 	C:\Windows\SYSTEM32\IPHLPAPI.DLL
0x0000000058b00000 - 0x0000000059525000 	C:\Xilinx\Vivado\2019.1\tps\win64\jre9.0.4\bin\server\jvm.dll
0x00007ffce75d0000 - 0x00007ffce75d8000 	C:\Windows\System32\PSAPI.DLL
0x00007ffcd8060000 - 0x00007ffcd8087000 	C:\Windows\SYSTEM32\WINMM.dll
0x00007ffce63d0000 - 0x00007ffce643a000 	C:\Windows\SYSTEM32\MSWSOCK.DLL
0x00007ffcb4bd0000 - 0x00007ffcb4cbf000 	C:\Windows\SYSTEM32\MSVCR120.dll
0x00007ffce4dd0000 - 0x00007ffce5565000 	C:\Windows\SYSTEM32\windows.storage.dll
0x00007ffce6650000 - 0x00007ffce667c000 	C:\Windows\SYSTEM32\Wldp.dll
0x00007ffcb2710000 - 0x00007ffcb4bcc000 	C:\Xilinx\Vivado\2019.1\lib\win64.o\librdi_tcltasks.dll
0x00007ffcbcf70000 - 0x00007ffcbcfe8000 	C:\Xilinx\Vivado\2019.1\lib\win64.o\librdi_boarddep.dll
0x00007ffcb2570000 - 0x00007ffcb2701000 	C:\Xilinx\Vivado\2019.1\lib\win64.o\librdi_board.dll
0x00007ffcb2160000 - 0x00007ffcb2568000 	C:\Xilinx\Vivado\2019.1\lib\win64.o\librdi_bitstream.dll
0x00007ffcb2070000 - 0x00007ffcb215b000 	C:\Xilinx\Vivado\2019.1\lib\win64.o\librdi_chipscope.dll
0x00007ffcb1f10000 - 0x00007ffcb2066000 	C:\Xilinx\Vivado\2019.1\lib\win64.o\librdi_containers.dll
0x00007ffcb1d50000 - 0x00007ffcb1f0d000 	C:\Xilinx\Vivado\2019.1\lib\win64.o\librdi_chipscopeimpl.dll
0x00007ffcb0360000 - 0x00007ffcb1d4a000 	C:\Xilinx\Vivado\2019.1\lib\win64.o\librdi_constraints.dll
0x00007ffcae4a0000 - 0x00007ffcb0351000 	C:\Xilinx\Vivado\2019.1\lib\win64.o\librdi_coregen.dll
0x00007ffcaddc0000 - 0x00007ffcae49a000 	C:\Xilinx\Vivado\2019.1\lib\win64.o\librdi_coregenipxact.dll
0x00007ffcadaa0000 - 0x00007ffcaddbe000 	C:\Xilinx\Vivado\2019.1\lib\win64.o\librdi_dlyest.dll
0x00007ffc97620000 - 0x00007ffc9b663000 	C:\Xilinx\Vivado\2019.1\lib\win64.o\librdi_designutils.dll
0x00007ffc9b670000 - 0x00007ffcada9c000 	C:\Xilinx\Vivado\2019.1\lib\win64.o\librdi_device.dll
0x00007ffc97550000 - 0x00007ffc97614000 	C:\Xilinx\Vivado\2019.1\lib\win64.o\librdi_dsp.dll
0x00007ffc96fb0000 - 0x00007ffc9754a000 	C:\Xilinx\Vivado\2019.1\lib\win64.o\librdi_drc.dll
0x00007ffcbc2b0000 - 0x00007ffcbc315000 	C:\Xilinx\Vivado\2019.1\lib\win64.o\librdi_hdf.dll
0x00007ffc96cc0000 - 0x00007ffc96fa3000 	C:\Xilinx\Vivado\2019.1\lib\win64.o\librdi_guitools.dll
0x00007ffc96670000 - 0x00007ffc96cbd000 	C:\Xilinx\Vivado\2019.1\lib\win64.o\librdi_filemgmt.dll
0x00007ffcb8a40000 - 0x00007ffcb8ab3000 	C:\Xilinx\Vivado\2019.1\lib\win64.o\librdi_memoryarray.dll
0x00007ffc96050000 - 0x00007ffc96665000 	C:\Xilinx\Vivado\2019.1\lib\win64.o\librdi_memdata.dll
0x00007ffc94a90000 - 0x00007ffc96050000 	C:\Xilinx\Vivado\2019.1\lib\win64.o\librdi_implflow.dll
0x00007ffc94a40000 - 0x00007ffc94a8b000 	C:\Xilinx\Vivado\2019.1\lib\win64.o\librdi_pfi.dll
0x00007ffc94390000 - 0x00007ffc94a32000 	C:\Xilinx\Vivado\2019.1\lib\win64.o\librdi_netlist.dll
0x00007ffc916a0000 - 0x00007ffc94386000 	C:\Xilinx\Vivado\2019.1\lib\win64.o\librdi_mig.dll
0x00007ffc91390000 - 0x00007ffc9169f000 	C:\Xilinx\Vivado\2019.1\lib\win64.o\librdi_platform.dll
0x00007ffc8ed10000 - 0x00007ffc91386000 	C:\Xilinx\Vivado\2019.1\lib\win64.o\librdi_place.dll
0x00007ffc8e600000 - 0x00007ffc8ed09000 	C:\Xilinx\Vivado\2019.1\lib\win64.o\librdi_psta.dll
0x00007ffc8deb0000 - 0x00007ffc8e5fa000 	C:\Xilinx\Vivado\2019.1\lib\win64.o\librdi_power.dll
0x00007ffc8d7a0000 - 0x00007ffc8dea6000 	C:\Xilinx\Vivado\2019.1\lib\win64.o\librdi_rsb.dll
0x00007ffc8d220000 - 0x00007ffc8d79f000 	C:\Xilinx\Vivado\2019.1\lib\win64.o\librdi_project.dll
0x00007ffc8cfc0000 - 0x00007ffc8d216000 	C:\Xilinx\Vivado\2019.1\lib\win64.o\librdi_simdata.dll
0x00007ffc8cbc0000 - 0x00007ffc8cfb1000 	C:\Xilinx\Vivado\2019.1\lib\win64.o\librdi_runs.dll
0x00007ffc8cac0000 - 0x00007ffc8cbba000 	C:\Xilinx\Vivado\2019.1\lib\win64.o\librdi_runsbase.dll
0x00007ffc8bca0000 - 0x00007ffc8cab1000 	C:\Xilinx\Vivado\2019.1\lib\win64.o\librdi_timing.dll
0x00007ffc8bb20000 - 0x00007ffc8bc92000 	C:\Xilinx\Vivado\2019.1\lib\win64.o\librdi_advchipscopeimpl.dll
0x00007ffc8bad0000 - 0x00007ffc8bb1c000 	C:\Xilinx\Vivado\2019.1\lib\win64.o\libboost_serialization.dll
0x00007ffc8ba00000 - 0x00007ffc8bac2000 	C:\Xilinx\Vivado\2019.1\lib\win64.o\librdi_ipconfig_readwrite.dll
0x00007ffc8b860000 - 0x00007ffc8b9ff000 	C:\Xilinx\Vivado\2019.1\lib\win64.o\librdi_hip_devdesign.dll
0x00007ffc8b810000 - 0x00007ffc8b853000 	C:\Xilinx\Vivado\2019.1\lib\win64.o\librdi_noc_frameworks.dll
0x00007ffc8b770000 - 0x00007ffc8b80e000 	C:\Xilinx\Vivado\2019.1\lib\win64.o\libise.dll
0x00007ffc8b220000 - 0x00007ffc8b76e000 	C:\Xilinx\Vivado\2019.1\lib\win64.o\librdi_xdm.dll
0x00007ffc8ae30000 - 0x00007ffc8b215000 	C:\Xilinx\Vivado\2019.1\lib\win64.o\librdi_hip_config.dll
0x00007ffc8a2e0000 - 0x00007ffc8ae27000 	C:\Xilinx\Vivado\2019.1\lib\win64.o\libverific.dll
0x00007ffc89ce0000 - 0x00007ffc8a2dc000 	C:\Xilinx\Vivado\2019.1\lib\win64.o\librdi_wavedata.dll
0x00007ffcb8a00000 - 0x00007ffcb8a3f000 	C:\Xilinx\Vivado\2019.1\lib\win64.o\librdi_schedmon.dll
0x00007ffc89ca0000 - 0x00007ffc89ce0000 	C:\Xilinx\Vivado\2019.1\lib\win64.o\librdi_wavedata_SimpleApi.dll
0x00007ffc87cd0000 - 0x00007ffc89c9d000 	C:\Xilinx\Vivado\2019.1\lib\win64.o\librdi_synth.dll
0x00007ffc86b40000 - 0x00007ffc87ccd000 	C:\Xilinx\Vivado\2019.1\lib\win64.o\librdi_route.dll

VM Arguments:
jvm_args: -Dsun.java2d.pmoffscreen=false -Dsun.java2d.xrender=false -Dsun.java2d.d3d=false -Dsun.awt.nopixfmt=true -Dsun.java2d.dpiaware=true -Dsun.java2d.uiScale.enabled=false -Xverify:none -Dswing.aatext=true -XX:-UsePerfData -Djdk.map.althashing.threshold=512 -XX:StringTableSize=4072 --add-opens=java.base/java.nio=ALL-UNNAMED --add-opens=java.desktop/sun.swing=ALL-UNNAMED --add-opens=java.desktop/javax.swing=ALL-UNNAMED --add-opens=java.desktop/javax.swing.tree=ALL-UNNAMED --add-opens=java.desktop/javax.swing.plaf.basic=ALL-UNNAMED --add-opens=java.desktop/javax.swing.plaf.synth=ALL-UNNAMED --add-opens=java.desktop/com.sun.awt=ALL-UNNAMED -XX:NewSize=60m -XX:MaxNewSize=60m -Xms128m -Xmx3072m -Xss5m 
java_command: <unknown>
java_class_path (initial): C:/Xilinx/Vivado/2019.1\lib\classes\alloy.jar;C:/Xilinx/Vivado/2019.1\lib\classes\autopilot.scelaborator.jar;C:/Xilinx/Vivado/2019.1\lib\classes\autopilot.sourceprocessor.jar;C:/Xilinx/Vivado/2019.1\lib\classes\autopilot.tbprocessor.jar;C:/Xilinx/Vivado/2019.1\lib\classes\batik-anim.jar;C:/Xilinx/Vivado/2019.1\lib\classes\batik-awt-util.jar;C:/Xilinx/Vivado/2019.1\lib\classes\batik-bridge.jar;C:/Xilinx/Vivado/2019.1\lib\classes\batik-codec.jar;C:/Xilinx/Vivado/2019.1\lib\classes\batik-css.jar;C:/Xilinx/Vivado/2019.1\lib\classes\batik-dom.jar;C:/Xilinx/Vivado/2019.1\lib\classes\batik-ext.jar;C:/Xilinx/Vivado/2019.1\lib\classes\batik-gui-util.jar;C:/Xilinx/Vivado/2019.1\lib\classes\batik-gvt.jar;C:/Xilinx/Vivado/2019.1\lib\classes\batik-parser.jar;C:/Xilinx/Vivado/2019.1\lib\classes\batik-script.jar;C:/Xilinx/Vivado/2019.1\lib\classes\batik-svg-dom.jar;C:/Xilinx/Vivado/2019.1\lib\classes\batik-swing.jar;C:/Xilinx/Vivado/2019.1\lib\classes\batik-transcoder.jar;C:/Xilinx/Vivado/2019.1\lib\classes\batik-util.jar;C:/Xilinx/Vivado/2019.1\lib\classes\batik-xml.jar;C:/Xilinx/Vivado/2019.1\lib\classes\com.google.gson_2.7.0.v20170129-0911.jar;C:/Xilinx/Vivado/2019.1\lib\classes\com.google.guava_21.0.0.v20170206-1425.jar;C:/Xilinx/Vivado/2019.1\lib\classes\com.google.inject_3.0.0.v201605172100.jar;C:/Xilinx/Vivado/2019.1\lib\classes\com.ibm.icu_4.4.2.v20110208.jar;C:/Xilinx/Vivado/2019.1\lib\classes\com.sigasi.hdt.annotations.runtime_4.3.0.201903071210.jar;C:/Xilinx/Vivado/2019.1\lib\classes\com.sigasi.hdt.blockdiagram.model_4.3.0.201903071210.jar;C:/Xilinx/Vivado/2019.1\lib\classes\com.sigasi.hdt.connection_4.3.0.201903071210.jar;C:/Xilinx/Vivado/2019.1\lib\classes\com.sigasi.hdt.dependencies.model_4.3.0.201903071210.jar;C:/Xilinx/Vivado/2019.1\lib\classes\com.sigasi.hdt.epl_4.3.0.201903071210.jar;C:/Xilinx/Vivado/2019.1\lib\classes\com.sigasi.hdt.graphics.model_4.3.0.201903071210.jar;C:/Xilinx/Vivado/2019.1\lib\classes\com.sigasi.hdt.project_4.3.0
Launcher Type: generic

Logging:
Log output configuration:
#0: stdout all=warning uptime,level,tags
#1: stderr all=off uptime,level,tags

Environment Variables:
PATH=C:/Xilinx/Vivado/2019.1/bin;C:/Xilinx/Vivado/2019.1/lib/win64.o;C:/Xilinx/Vivado/2019.1/tps/win64/jre9.0.4/bin/server;C:/Xilinx/Vivado/2019.1/tps/win64/jre9.0.4/bin;C:/Xilinx/SDK/2019.1/bin;C:/Xilinx/Vivado/2019.1/ids_lite/ISE/bin/nt64;C:/Xilinx/Vivado/2019.1/ids_lite/ISE/lib/nt64;C:\Program Files (x86)\Parallels\Parallels Tools\Applications;C:\Windows\system32;C:\Windows;C:\Windows\System32\Wbem;C:\Windows\System32\WindowsPowerShell\v1.0\;C:\Windows\System32\OpenSSH\;C:\Users\macbook\AppData\Local\Microsoft\WindowsApps;;C:/Xilinx/Vivado/2019.1\tps\mingw\6.2.0\win64.o\nt\bin;C:/Xilinx/Vivado/2019.1\tps\mingw\6.2.0\win64.o\nt\libexec\gcc\x86_64-w64-mingw32\6.2.0;C:/Xilinx/Vivado/2019.1\tps\win64\python-2.7.5;C:/Xilinx/Vivado/2019.1\tps\win64\python-2.7.5\lib;C:/Xilinx/Vivado/2019.1\tps\win64\python-2.7.5\Lib\lib-tk;C:/Xilinx/Vivado/2019.1\tps\win64\python-2.7.5\lib\site-packages
USERNAME=macbook
OS=Windows_NT
PROCESSOR_IDENTIFIER=Intel64 Family 6 Model 70 Stepping 1, GenuineIntel



---------------  S Y S T E M  ---------------

OS: Windows 10 , 64 bit Build 19041 (10.0.19041.662)

CPU:total 2 (initial active 2) (2 cores per cpu, 1 threads per core) family 6 model 70 stepping 1, cmov, cx8, fxsr, mmx, sse, sse2, sse3, ssse3, sse4.1, sse4.2, popcnt, avx, avx2, aes, clmul, erms, lzcnt, tsc, bmi1, bmi2, fma

Memory: 4k page, physical 4171092k(1598388k free), swap 5154132k(2011400k free)

vm_info: Java HotSpot(TM) 64-Bit Server VM (9.0.4+11) for windows-amd64 JRE (9.0.4+11), built on Dec 20 2017 02:18:54 by "mach5one" with MS VC++ 12.0 (VS2013)

END.
