Vivado Simulator 2019.1
Copyright 1986-1999, 2001-2019 Xilinx, Inc. All Rights Reserved.
Running: C:/Xilinx/Vivado/2019.1/bin/unwrapped/win64.o/xelab.exe -wto 319b966eb75e4b0894fd1673c96d48cc --incr --debug typical --relax --mt 2 -L xil_defaultlib -L unisims_ver -L unimacro_ver -L secureip --snapshot RISC_V_TB_behav xil_defaultlib.RISC_V_TB xil_defaultlib.glbl -log elaborate.log 
Using 2 slave threads.
Starting static elaboration
WARNING: [VRFC 10-3091] actual bit length 32 differs from formal bit length 10 for port 'address' [C:/Xilinx/Lab_CN2/Lab_2/Lab_2.srcs/sources_1/new/IF.v:33]
Completed static elaboration
Starting simulation data flow analysis
Completed simulation data flow analysis
Time Resolution for simulation is 1ps
Compiling module xil_defaultlib.adder
Compiling module xil_defaultlib.mux2_1
Compiling module xil_defaultlib.PC
Compiling module xil_defaultlib.instruction_memory
Compiling module xil_defaultlib.IF
Compiling module xil_defaultlib.regPipe
Compiling module xil_defaultlib.imm_gen
Compiling module xil_defaultlib.registers
Compiling module xil_defaultlib.ID
Compiling module xil_defaultlib.RISC_V_IF_ID
Compiling module xil_defaultlib.RISC_V_TB
Compiling module xil_defaultlib.glbl
Built simulation snapshot RISC_V_TB_behav
